Using pre-set license
Built from '2020.3/staging' branch; Version is '2020.3.0f1 (c7b5465681fb) revision 13088070'; Using compiler version '192528614'; Build Type 'Release'
OS: 'Windows 10 Pro; OS build 19041.208; Version 2004; 64bit' Language: 'zh' Physical Memory: 16326 MB
BatchMode: 1, IsHumanControllingUs: 0, StartBugReporterOnCrash: 0, Is64bit: 1, IsPro: 0

 COMMAND LINE ARGUMENTS:
D:\Unity 2020.3.0f1\2020.3.0f1\Editor\Unity.exe
-adb2
-batchMode
-noUpm
-name
AssetImportWorker0
-projectPath
E:/WarGame
-logFile
Logs/AssetImportWorker0.log
-srvPort
60029
Successfully changed project path to: E:/WarGame
E:/WarGame
Using Asset Import Pipeline V2.
Refreshing native plugins compatible for Editor in 76.79 ms, found 0 plugins.
Preloading 0 native plugins for Editor in 0.00 ms.
Initialize engine version: 2020.3.0f1 (c7b5465681fb)
[Subsystems] Discovering subsystems at path D:/Unity 2020.3.0f1/2020.3.0f1/Editor/Data/Resources/UnitySubsystems
[Subsystems] Discovering subsystems at path E:/WarGame/Assets
GfxDevice: creating device client; threaded=0
Direct3D:
    Version:  Direct3D 11.0 [level 11.1]
    Renderer: NVIDIA GeForce GTX 1650 (ID=0x1f82)
    Vendor:   
    VRAM:     3935 MB
    Driver:   31.0.15.5161
Shader 'FairyGUI/TextMeshPro/Distance Field': fallback shader 'TextMeshPro/Mobile/Distance Field' not found
Initialize mono
Mono path[0] = 'D:/Unity 2020.3.0f1/2020.3.0f1/Editor/Data/Managed'
Mono path[1] = 'D:/Unity 2020.3.0f1/2020.3.0f1/Editor/Data/MonoBleedingEdge/lib/mono/unityjit'
Mono config path = 'D:/Unity 2020.3.0f1/2020.3.0f1/Editor/Data/MonoBleedingEdge/etc'
Using monoOptions --debugger-agent=transport=dt_socket,embedding=1,server=y,suspend=n,address=127.0.0.1:56852
Begin MonoManager ReloadAssembly
Registering precompiled unity dll's ...
Register platform support module: D:/Unity 2020.3.0f1/2020.3.0f1/Editor/Data/PlaybackEngines/WebGLSupport/UnityEditor.WebGL.Extensions.dll
Register platform support module: D:/Unity 2020.3.0f1/2020.3.0f1/Editor/Data/PlaybackEngines/WindowsStandaloneSupport/UnityEditor.WindowsStandalone.Extensions.dll
Registered in 0.001023 seconds.
Native extension for WindowsStandalone target not found
Native extension for WebGL target not found
Refreshing native plugins compatible for Editor in 38.79 ms, found 0 plugins.
Preloading 0 native plugins for Editor in 0.00 ms.
Invoked RoslynAnalysisRunner static constructor.
RoslynAnalysisRunner will not be running.
RoslynAnalysisRunner has terminated.
Mono: successfully reloaded assembly
- Completed reload, in  0.847 seconds
Platform modules already initialized, skipping
Registering precompiled user dll's ...
Registered in 0.001791 seconds.
Begin MonoManager ReloadAssembly
Native extension for WindowsStandalone target not found
Native extension for WebGL target not found
Refreshing native plugins compatible for Editor in 44.85 ms, found 0 plugins.
Preloading 0 native plugins for Editor in 0.00 ms.
Invoked RoslynAnalysisRunner static constructor.
RoslynAnalysisRunner will not be running.
RoslynAnalysisRunner has terminated.
Mono: successfully reloaded assembly
- Completed reload, in  3.204 seconds
Platform modules already initialized, skipping
========================================================================
Worker process is ready to serve import requests
Shader 'FairyGUI/TextMeshPro/Distance Field': fallback shader 'TextMeshPro/Mobile/Distance Field' not found
Launched and connected shader compiler UnityShaderCompiler.exe after 0.14 seconds
Refreshing native plugins compatible for Editor in 0.42 ms, found 0 plugins.
Preloading 0 native plugins for Editor in 0.00 ms.
Unloading 2202 Unused Serialized files (Serialized files now loaded: 0)
System memory in use before: 93.2 MB.
System memory in use after: 93.3 MB.

Unloading 14 unused Assets to reduce memory usage. Loaded Objects now: 2653.
Total: 1.987200 ms (FindLiveObjects: 0.227400 ms CreateObjectMapping: 0.098200 ms MarkObjects: 1.584100 ms  DeleteObjects: 0.075900 ms)

========================================================================
Received Import Request.
  path: Assets/Scripts/Role/Hero.cs
  artifactKey: Guid(799097a8cf2aca14787a78b4f9536ec0) Importer(815301076,1909f56bfc062723c751e8b465ee728b)
Start importing Assets/Scripts/Role/Hero.cs using Guid(799097a8cf2aca14787a78b4f9536ec0) Importer(815301076,1909f56bfc062723c751e8b465ee728b)  -> (artifact id: 'abd8c9f84adea195fb3e0ce353072099') in 0.052658 seconds
  Import took 0.056027 seconds .

========================================================================
Received Import Request.
  Time since last request: 34.686378 seconds.
  path: Assets/Scripts/Role/Hero.cs
  artifactKey: Guid(799097a8cf2aca14787a78b4f9536ec0) Importer(815301076,1909f56bfc062723c751e8b465ee728b)
Start importing Assets/Scripts/Role/Hero.cs using Guid(799097a8cf2aca14787a78b4f9536ec0) Importer(815301076,1909f56bfc062723c751e8b465ee728b)  -> (artifact id: '3a1bbef0f6940506a6a3b2ce762dab1d') in 0.004970 seconds
  Import took 0.009573 seconds .

========================================================================
Received Import Request.
  Time since last request: 2.931076 seconds.
  path: Assets/Scripts/Role/Hero.cs
  artifactKey: Guid(799097a8cf2aca14787a78b4f9536ec0) Importer(815301076,1909f56bfc062723c751e8b465ee728b)
Start importing Assets/Scripts/Role/Hero.cs using Guid(799097a8cf2aca14787a78b4f9536ec0) Importer(815301076,1909f56bfc062723c751e8b465ee728b)  -> (artifact id: '00000000000000000000000000000000') in 0.000271 seconds
  ERROR: Build asset version error: assets/scripts/role/hero.cs in SourceAssetDB has modification time of '2024-04-28T13:26:29.8110567Z' while content on disk has modification time of '2024-04-28T13:26:29.9454427Z'
  Import took 0.004933 seconds .

========================================================================
Received Import Request.
  Time since last request: 0.001054 seconds.
  path: Assets/Scripts/Role/Hero.cs
  artifactKey: Guid(799097a8cf2aca14787a78b4f9536ec0) Importer(815301076,1909f56bfc062723c751e8b465ee728b)
Start importing Assets/Scripts/Role/Hero.cs using Guid(799097a8cf2aca14787a78b4f9536ec0) Importer(815301076,1909f56bfc062723c751e8b465ee728b)  -> (artifact id: '00000000000000000000000000000000') in 0.000237 seconds
  ERROR: Build asset version error: assets/scripts/role/hero.cs in SourceAssetDB has modification time of '2024-04-28T13:26:29.8110567Z' while content on disk has modification time of '2024-04-28T13:26:29.9454427Z'
  Import took 0.003445 seconds .

========================================================================
Received Import Request.
  Time since last request: 0.021263 seconds.
  path: Assets/Scripts/Role/Hero.cs
  artifactKey: Guid(799097a8cf2aca14787a78b4f9536ec0) Importer(815301076,1909f56bfc062723c751e8b465ee728b)
Start importing Assets/Scripts/Role/Hero.cs using Guid(799097a8cf2aca14787a78b4f9536ec0) Importer(815301076,1909f56bfc062723c751e8b465ee728b)  -> (artifact id: '7697247dd0a6872d340d0549e69d1b47') in 0.003503 seconds
  Import took 0.006764 seconds .

========================================================================
Received Import Request.
  Time since last request: 0.027104 seconds.
  path: Assets/Scripts/Role/Hero.cs
  artifactKey: Guid(799097a8cf2aca14787a78b4f9536ec0) Importer(815301076,1909f56bfc062723c751e8b465ee728b)
Start importing Assets/Scripts/Role/Hero.cs using Guid(799097a8cf2aca14787a78b4f9536ec0) Importer(815301076,1909f56bfc062723c751e8b465ee728b)  -> (artifact id: '7697247dd0a6872d340d0549e69d1b47') in 0.001927 seconds
  Import took 0.007451 seconds .

========================================================================
Received Prepare
Registering precompiled user dll's ...
Registered in 0.001897 seconds.
Begin MonoManager ReloadAssembly
Native extension for WindowsStandalone target not found
Native extension for WebGL target not found
Refreshing native plugins compatible for Editor in 0.40 ms, found 0 plugins.
Preloading 0 native plugins for Editor in 0.00 ms.
Invoked RoslynAnalysisRunner static constructor.
RoslynAnalysisRunner will not be running.
RoslynAnalysisRunner has terminated.
Mono: successfully reloaded assembly
- Completed reload, in  1.307 seconds
Platform modules already initialized, skipping
Shader 'FairyGUI/TextMeshPro/Distance Field': fallback shader 'TextMeshPro/Mobile/Distance Field' not found
Refreshing native plugins compatible for Editor in 0.42 ms, found 0 plugins.
Preloading 0 native plugins for Editor in 0.00 ms.
Unloading 2177 Unused Serialized files (Serialized files now loaded: 0)
System memory in use before: 91.7 MB.
System memory in use after: 91.9 MB.

Unloading 9 unused Assets to reduce memory usage. Loaded Objects now: 2656.
Total: 2.161800 ms (FindLiveObjects: 0.272100 ms CreateObjectMapping: 0.105900 ms MarkObjects: 1.758200 ms  DeleteObjects: 0.023800 ms)

========================================================================
Received Prepare
Registering precompiled user dll's ...
Registered in 0.003244 seconds.
Begin MonoManager ReloadAssembly
Native extension for WindowsStandalone target not found
Native extension for WebGL target not found
Refreshing native plugins compatible for Editor in 0.42 ms, found 0 plugins.
Preloading 0 native plugins for Editor in 0.00 ms.
Invoked RoslynAnalysisRunner static constructor.
RoslynAnalysisRunner will not be running.
RoslynAnalysisRunner has terminated.
Mono: successfully reloaded assembly
- Completed reload, in  0.774 seconds
Platform modules already initialized, skipping
Shader 'FairyGUI/TextMeshPro/Distance Field': fallback shader 'TextMeshPro/Mobile/Distance Field' not found
Refreshing native plugins compatible for Editor in 0.40 ms, found 0 plugins.
Preloading 0 native plugins for Editor in 0.00 ms.
Unloading 2177 Unused Serialized files (Serialized files now loaded: 0)
System memory in use before: 91.8 MB.
System memory in use after: 91.9 MB.

Unloading 9 unused Assets to reduce memory usage. Loaded Objects now: 2659.
Total: 2.281700 ms (FindLiveObjects: 0.639300 ms CreateObjectMapping: 0.114700 ms MarkObjects: 1.504200 ms  DeleteObjects: 0.022200 ms)

========================================================================
Received Prepare
Registering precompiled user dll's ...
Registered in 0.001850 seconds.
Begin MonoManager ReloadAssembly
Native extension for WindowsStandalone target not found
Native extension for WebGL target not found
Refreshing native plugins compatible for Editor in 0.41 ms, found 0 plugins.
Preloading 0 native plugins for Editor in 0.00 ms.
Invoked RoslynAnalysisRunner static constructor.
RoslynAnalysisRunner will not be running.
Temp/RoslynAnalysisRunner has been deleted.
RoslynAnalysisRunner has terminated.
Mono: successfully reloaded assembly
- Completed reload, in  1.105 seconds
Platform modules already initialized, skipping
Shader 'FairyGUI/TextMeshPro/Distance Field': fallback shader 'TextMeshPro/Mobile/Distance Field' not found
Refreshing native plugins compatible for Editor in 0.41 ms, found 0 plugins.
Preloading 0 native plugins for Editor in 0.00 ms.
Unloading 2177 Unused Serialized files (Serialized files now loaded: 0)
System memory in use before: 91.8 MB.
System memory in use after: 91.9 MB.

Unloading 9 unused Assets to reduce memory usage. Loaded Objects now: 2662.
Total: 2.014400 ms (FindLiveObjects: 0.280400 ms CreateObjectMapping: 0.252500 ms MarkObjects: 1.461300 ms  DeleteObjects: 0.018900 ms)

========================================================================
Received Prepare
Registering precompiled user dll's ...
Registered in 0.001850 seconds.
Begin MonoManager ReloadAssembly
Native extension for WindowsStandalone target not found
Native extension for WebGL target not found
Refreshing native plugins compatible for Editor in 0.40 ms, found 0 plugins.
Preloading 0 native plugins for Editor in 0.00 ms.
Invoked RoslynAnalysisRunner static constructor.
RoslynAnalysisRunner will not be running.
RoslynAnalysisRunner has terminated.
Mono: successfully reloaded assembly
- Completed reload, in  0.745 seconds
Platform modules already initialized, skipping
Shader 'FairyGUI/TextMeshPro/Distance Field': fallback shader 'TextMeshPro/Mobile/Distance Field' not found
Refreshing native plugins compatible for Editor in 0.40 ms, found 0 plugins.
Preloading 0 native plugins for Editor in 0.00 ms.
Unloading 2177 Unused Serialized files (Serialized files now loaded: 0)
System memory in use before: 91.8 MB.
System memory in use after: 91.9 MB.

Unloading 9 unused Assets to reduce memory usage. Loaded Objects now: 2665.
Total: 1.885200 ms (FindLiveObjects: 0.213300 ms CreateObjectMapping: 0.078500 ms MarkObjects: 1.572700 ms  DeleteObjects: 0.019100 ms)

========================================================================
Received Import Request.
  Time since last request: 692.901777 seconds.
  path: Assets/Configs/SkillConfig.json
  artifactKey: Guid(c941fbe124ce59f448072a40838f7b2d) Importer(815301076,1909f56bfc062723c751e8b465ee728b)
Start importing Assets/Configs/SkillConfig.json using Guid(c941fbe124ce59f448072a40838f7b2d) Importer(815301076,1909f56bfc062723c751e8b465ee728b)  -> (artifact id: '9d75cce5a67a1cbfccdfd690962b9a8b') in 0.015147 seconds
  Import took 0.018551 seconds .

========================================================================
Received Prepare
Registering precompiled user dll's ...
Registered in 0.005312 seconds.
Begin MonoManager ReloadAssembly
Native extension for WindowsStandalone target not found
Native extension for WebGL target not found
Refreshing native plugins compatible for Editor in 0.73 ms, found 0 plugins.
Preloading 0 native plugins for Editor in 0.00 ms.
Invoked RoslynAnalysisRunner static constructor.
RoslynAnalysisRunner will not be running.
RoslynAnalysisRunner has terminated.
Mono: successfully reloaded assembly
- Completed reload, in  1.067 seconds
Platform modules already initialized, skipping
Shader 'FairyGUI/TextMeshPro/Distance Field': fallback shader 'TextMeshPro/Mobile/Distance Field' not found
Refreshing native plugins compatible for Editor in 0.42 ms, found 0 plugins.
Preloading 0 native plugins for Editor in 0.00 ms.
Unloading 2177 Unused Serialized files (Serialized files now loaded: 0)
System memory in use before: 91.7 MB.
System memory in use after: 91.8 MB.

Unloading 9 unused Assets to reduce memory usage. Loaded Objects now: 2668.
Total: 2.123000 ms (FindLiveObjects: 0.238300 ms CreateObjectMapping: 0.153500 ms MarkObjects: 1.710200 ms  DeleteObjects: 0.019700 ms)

========================================================================
Received Import Request.
  Time since last request: 58.237774 seconds.
  path: Assets/Configs/test.json
  artifactKey: Guid(1217ceea7600ecf46a6971642fb7a565) Importer(815301076,1909f56bfc062723c751e8b465ee728b)
Start importing Assets/Configs/test.json using Guid(1217ceea7600ecf46a6971642fb7a565) Importer(815301076,1909f56bfc062723c751e8b465ee728b)  -> (artifact id: 'f33ec83de3bb0cb01053048e5e1a1790') in 0.018347 seconds
  Import took 0.023019 seconds .

========================================================================
Received Import Request.
  Time since last request: 160.542605 seconds.
  path: Assets/Configs/RoleConfig.json
  artifactKey: Guid(a474d9f9560894f48a71c3768160afd3) Importer(815301076,1909f56bfc062723c751e8b465ee728b)
Start importing Assets/Configs/RoleConfig.json using Guid(a474d9f9560894f48a71c3768160afd3) Importer(815301076,1909f56bfc062723c751e8b465ee728b)  -> (artifact id: 'b215dbb96b59dfe92f7d9be35b6dd3be') in 0.003315 seconds
  Import took 0.009522 seconds .

========================================================================
Received Import Request.
  Time since last request: 0.000434 seconds.
  path: Assets/Configs/RoleConfig.json
  artifactKey: Guid(a474d9f9560894f48a71c3768160afd3) Importer(815301076,1909f56bfc062723c751e8b465ee728b)
Start importing Assets/Configs/RoleConfig.json using Guid(a474d9f9560894f48a71c3768160afd3) Importer(815301076,1909f56bfc062723c751e8b465ee728b)  -> (artifact id: 'b215dbb96b59dfe92f7d9be35b6dd3be') in 0.002366 seconds
  Import took 0.005634 seconds .

========================================================================
Received Import Request.
  Time since last request: 54.351843 seconds.
  path: Assets/Configs/RoleStarConfig.json
  artifactKey: Guid(68f01f0b2f446e146bcc57bcb4ecb74c) Importer(815301076,1909f56bfc062723c751e8b465ee728b)
Start importing Assets/Configs/RoleStarConfig.json using Guid(68f01f0b2f446e146bcc57bcb4ecb74c) Importer(815301076,1909f56bfc062723c751e8b465ee728b)  -> (artifact id: 'cf935811d9de0cd94a5669ef3c5f7ba7') in 0.002207 seconds
  Import took 0.005844 seconds .

========================================================================
Received Prepare
Registering precompiled user dll's ...
Registered in 0.003001 seconds.
Begin MonoManager ReloadAssembly
Native extension for WindowsStandalone target not found
Native extension for WebGL target not found
Refreshing native plugins compatible for Editor in 0.45 ms, found 0 plugins.
Preloading 0 native plugins for Editor in 0.00 ms.
Invoked RoslynAnalysisRunner static constructor.
RoslynAnalysisRunner will not be running.
RoslynAnalysisRunner has terminated.
Mono: successfully reloaded assembly
- Completed reload, in  0.964 seconds
Platform modules already initialized, skipping
Shader 'FairyGUI/TextMeshPro/Distance Field': fallback shader 'TextMeshPro/Mobile/Distance Field' not found
Refreshing native plugins compatible for Editor in 0.45 ms, found 0 plugins.
Preloading 0 native plugins for Editor in 0.00 ms.
Unloading 2177 Unused Serialized files (Serialized files now loaded: 0)
System memory in use before: 91.8 MB.
System memory in use after: 92.0 MB.

Unloading 9 unused Assets to reduce memory usage. Loaded Objects now: 2671.
Total: 2.157800 ms (FindLiveObjects: 0.211600 ms CreateObjectMapping: 0.081400 ms MarkObjects: 1.843300 ms  DeleteObjects: 0.019900 ms)

========================================================================
Received Import Request.
  Time since last request: 55.255829 seconds.
  path: Assets/Configs/RoleConfig.json
  artifactKey: Guid(a474d9f9560894f48a71c3768160afd3) Importer(815301076,1909f56bfc062723c751e8b465ee728b)
Start importing Assets/Configs/RoleConfig.json using Guid(a474d9f9560894f48a71c3768160afd3) Importer(815301076,1909f56bfc062723c751e8b465ee728b)  -> (artifact id: '041a9b2e7f0ffe0d2d86610331741f90') in 0.018518 seconds
  Import took 0.022076 seconds .

========================================================================
Received Import Request.
  Time since last request: 65.876935 seconds.
  path: Assets/Configs/RoleConfig.json
  artifactKey: Guid(a474d9f9560894f48a71c3768160afd3) Importer(815301076,1909f56bfc062723c751e8b465ee728b)
Start importing Assets/Configs/RoleConfig.json using Guid(a474d9f9560894f48a71c3768160afd3) Importer(815301076,1909f56bfc062723c751e8b465ee728b)  -> (artifact id: '1e23d64e02b06b5b462f1ba45dac0711') in 0.003419 seconds
  Import took 0.006904 seconds .

========================================================================
Received Import Request.
  Time since last request: 0.004945 seconds.
  path: Assets/Configs/RoleConfig.json
  artifactKey: Guid(a474d9f9560894f48a71c3768160afd3) Importer(815301076,1909f56bfc062723c751e8b465ee728b)
Start importing Assets/Configs/RoleConfig.json using Guid(a474d9f9560894f48a71c3768160afd3) Importer(815301076,1909f56bfc062723c751e8b465ee728b)  -> (artifact id: '1e23d64e02b06b5b462f1ba45dac0711') in 0.002530 seconds
  Import took 0.008426 seconds .

========================================================================
Received Prepare
Registering precompiled user dll's ...
Registered in 0.002104 seconds.
Begin MonoManager ReloadAssembly
Native extension for WindowsStandalone target not found
Native extension for WebGL target not found
Refreshing native plugins compatible for Editor in 0.39 ms, found 0 plugins.
Preloading 0 native plugins for Editor in 0.00 ms.
Invoked RoslynAnalysisRunner static constructor.
RoslynAnalysisRunner will not be running.
RoslynAnalysisRunner has terminated.
Mono: successfully reloaded assembly
- Completed reload, in  0.837 seconds
Platform modules already initialized, skipping
Shader 'FairyGUI/TextMeshPro/Distance Field': fallback shader 'TextMeshPro/Mobile/Distance Field' not found
Refreshing native plugins compatible for Editor in 0.42 ms, found 0 plugins.
Preloading 0 native plugins for Editor in 0.00 ms.
Unloading 2177 Unused Serialized files (Serialized files now loaded: 0)
System memory in use before: 91.8 MB.
System memory in use after: 92.0 MB.

Unloading 9 unused Assets to reduce memory usage. Loaded Objects now: 2674.
Total: 1.762600 ms (FindLiveObjects: 0.202700 ms CreateObjectMapping: 0.080400 ms MarkObjects: 1.460700 ms  DeleteObjects: 0.017400 ms)

========================================================================
Received Import Request.
  Time since last request: 22.046233 seconds.
  path: Assets/Configs/RoleConfig.json
  artifactKey: Guid(a474d9f9560894f48a71c3768160afd3) Importer(815301076,1909f56bfc062723c751e8b465ee728b)
Start importing Assets/Configs/RoleConfig.json using Guid(a474d9f9560894f48a71c3768160afd3) Importer(815301076,1909f56bfc062723c751e8b465ee728b)  -> (artifact id: 'f1403857d24e64caaf85a8c1b30da97f') in 0.013595 seconds
  Import took 0.017083 seconds .

========================================================================
Received Import Request.
  Time since last request: 1.573528 seconds.
  path: Assets/Configs/RoleConfig.json
  artifactKey: Guid(a474d9f9560894f48a71c3768160afd3) Importer(815301076,1909f56bfc062723c751e8b465ee728b)
Start importing Assets/Configs/RoleConfig.json using Guid(a474d9f9560894f48a71c3768160afd3) Importer(815301076,1909f56bfc062723c751e8b465ee728b)  -> (artifact id: 'f1403857d24e64caaf85a8c1b30da97f') in 0.001965 seconds
  Import took 0.005609 seconds .

========================================================================
Received Prepare
Registering precompiled user dll's ...
Registered in 0.002444 seconds.
Begin MonoManager ReloadAssembly
Native extension for WindowsStandalone target not found
Native extension for WebGL target not found
Refreshing native plugins compatible for Editor in 0.43 ms, found 0 plugins.
Preloading 0 native plugins for Editor in 0.00 ms.
Invoked RoslynAnalysisRunner static constructor.
RoslynAnalysisRunner will not be running.
RoslynAnalysisRunner has terminated.
Mono: successfully reloaded assembly
- Completed reload, in  0.893 seconds
Platform modules already initialized, skipping
Shader 'FairyGUI/TextMeshPro/Distance Field': fallback shader 'TextMeshPro/Mobile/Distance Field' not found
Refreshing native plugins compatible for Editor in 0.41 ms, found 0 plugins.
Preloading 0 native plugins for Editor in 0.00 ms.
Unloading 2177 Unused Serialized files (Serialized files now loaded: 0)
System memory in use before: 91.8 MB.
System memory in use after: 92.0 MB.

Unloading 9 unused Assets to reduce memory usage. Loaded Objects now: 2677.
Total: 1.903200 ms (FindLiveObjects: 0.217500 ms CreateObjectMapping: 0.088600 ms MarkObjects: 1.573000 ms  DeleteObjects: 0.018600 ms)

========================================================================
Received Import Request.
  Time since last request: 18.586956 seconds.
  path: Assets/Configs/RoleConfig.json
  artifactKey: Guid(a474d9f9560894f48a71c3768160afd3) Importer(815301076,1909f56bfc062723c751e8b465ee728b)
Start importing Assets/Configs/RoleConfig.json using Guid(a474d9f9560894f48a71c3768160afd3) Importer(815301076,1909f56bfc062723c751e8b465ee728b)  -> (artifact id: '7d9da59f59697dd27302dd964f0d59c2') in 0.012624 seconds
  Import took 0.015922 seconds .

========================================================================
Received Import Request.
  Time since last request: 1.834734 seconds.
  path: Assets/Configs/RoleConfig.json
  artifactKey: Guid(a474d9f9560894f48a71c3768160afd3) Importer(815301076,1909f56bfc062723c751e8b465ee728b)
Start importing Assets/Configs/RoleConfig.json using Guid(a474d9f9560894f48a71c3768160afd3) Importer(815301076,1909f56bfc062723c751e8b465ee728b)  -> (artifact id: '7d9da59f59697dd27302dd964f0d59c2') in 0.001975 seconds
  Import took 0.005235 seconds .

========================================================================
Received Prepare
Registering precompiled user dll's ...
Registered in 0.003856 seconds.
Begin MonoManager ReloadAssembly
Native extension for WindowsStandalone target not found
Native extension for WebGL target not found
Refreshing native plugins compatible for Editor in 0.45 ms, found 0 plugins.
Preloading 0 native plugins for Editor in 0.00 ms.
Invoked RoslynAnalysisRunner static constructor.
RoslynAnalysisRunner will not be running.
RoslynAnalysisRunner has terminated.
Mono: successfully reloaded assembly
- Completed reload, in  0.995 seconds
Platform modules already initialized, skipping
Shader 'FairyGUI/TextMeshPro/Distance Field': fallback shader 'TextMeshPro/Mobile/Distance Field' not found
Refreshing native plugins compatible for Editor in 0.65 ms, found 0 plugins.
Preloading 0 native plugins for Editor in 0.00 ms.
Unloading 2177 Unused Serialized files (Serialized files now loaded: 0)
System memory in use before: 91.8 MB.
System memory in use after: 92.0 MB.

Unloading 9 unused Assets to reduce memory usage. Loaded Objects now: 2680.
Total: 2.192500 ms (FindLiveObjects: 0.273800 ms CreateObjectMapping: 0.150000 ms MarkObjects: 1.747600 ms  DeleteObjects: 0.019700 ms)

========================================================================
Received Import Request.
  Time since last request: 233.244234 seconds.
  path: Assets/Configs/SkillConfig.json
  artifactKey: Guid(c941fbe124ce59f448072a40838f7b2d) Importer(815301076,1909f56bfc062723c751e8b465ee728b)
Start importing Assets/Configs/SkillConfig.json using Guid(c941fbe124ce59f448072a40838f7b2d) Importer(815301076,1909f56bfc062723c751e8b465ee728b)  -> (artifact id: '87c6118891957adb7cd73bf83d16818a') in 0.017859 seconds
  Import took 0.021500 seconds .

========================================================================
Received Prepare
Registering precompiled user dll's ...
Registered in 0.002171 seconds.
Begin MonoManager ReloadAssembly
Native extension for WindowsStandalone target not found
Native extension for WebGL target not found
Refreshing native plugins compatible for Editor in 0.51 ms, found 0 plugins.
Preloading 0 native plugins for Editor in 0.00 ms.
Invoked RoslynAnalysisRunner static constructor.
RoslynAnalysisRunner will not be running.
RoslynAnalysisRunner has terminated.
Mono: successfully reloaded assembly
- Completed reload, in  0.864 seconds
Platform modules already initialized, skipping
Shader 'FairyGUI/TextMeshPro/Distance Field': fallback shader 'TextMeshPro/Mobile/Distance Field' not found
Refreshing native plugins compatible for Editor in 0.40 ms, found 0 plugins.
Preloading 0 native plugins for Editor in 0.00 ms.
Unloading 2177 Unused Serialized files (Serialized files now loaded: 0)
System memory in use before: 91.8 MB.
System memory in use after: 91.9 MB.

Unloading 9 unused Assets to reduce memory usage. Loaded Objects now: 2683.
Total: 1.646900 ms (FindLiveObjects: 0.197500 ms CreateObjectMapping: 0.079300 ms MarkObjects: 1.353100 ms  DeleteObjects: 0.015400 ms)

========================================================================
Received Import Request.
  Time since last request: 46.392531 seconds.
  path: Assets/Configs/RoleConfig.json
  artifactKey: Guid(a474d9f9560894f48a71c3768160afd3) Importer(815301076,1909f56bfc062723c751e8b465ee728b)
Start importing Assets/Configs/RoleConfig.json using Guid(a474d9f9560894f48a71c3768160afd3) Importer(815301076,1909f56bfc062723c751e8b465ee728b)  -> (artifact id: '8999afebe70c21275d4667fd60e6fd22') in 0.018310 seconds
  Import took 0.021863 seconds .

========================================================================
Received Prepare
Registering precompiled user dll's ...
Registered in 0.001906 seconds.
Begin MonoManager ReloadAssembly
Native extension for WindowsStandalone target not found
Native extension for WebGL target not found
Refreshing native plugins compatible for Editor in 0.43 ms, found 0 plugins.
Preloading 0 native plugins for Editor in 0.00 ms.
Invoked RoslynAnalysisRunner static constructor.
RoslynAnalysisRunner will not be running.
Temp/RoslynAnalysisRunner has been deleted.
RoslynAnalysisRunner has terminated.
Mono: successfully reloaded assembly
- Completed reload, in  1.397 seconds
Platform modules already initialized, skipping
Shader 'FairyGUI/TextMeshPro/Distance Field': fallback shader 'TextMeshPro/Mobile/Distance Field' not found
Refreshing native plugins compatible for Editor in 0.40 ms, found 0 plugins.
Preloading 0 native plugins for Editor in 0.00 ms.
Unloading 2177 Unused Serialized files (Serialized files now loaded: 0)
System memory in use before: 91.9 MB.
System memory in use after: 92.0 MB.

Unloading 9 unused Assets to reduce memory usage. Loaded Objects now: 2686.
Total: 1.793900 ms (FindLiveObjects: 0.205800 ms CreateObjectMapping: 0.075600 ms MarkObjects: 1.480400 ms  DeleteObjects: 0.030700 ms)

========================================================================
Received Import Request.
  Time since last request: 1717.518473 seconds.
  path: Assets/Configs/EquipmentConfig.json
  artifactKey: Guid(b18060f6dcb285148afe67b019ca8598) Importer(815301076,1909f56bfc062723c751e8b465ee728b)
Start importing Assets/Configs/EquipmentConfig.json using Guid(b18060f6dcb285148afe67b019ca8598) Importer(815301076,1909f56bfc062723c751e8b465ee728b)  -> (artifact id: '9019f489fdb770aefbcef1ea9e0f0e6a') in 0.016479 seconds
  Import took 0.019869 seconds .

========================================================================
Received Import Request.
  Time since last request: 0.000731 seconds.
  path: Assets/Configs/EquipmentConfig.json
  artifactKey: Guid(b18060f6dcb285148afe67b019ca8598) Importer(815301076,1909f56bfc062723c751e8b465ee728b)
Start importing Assets/Configs/EquipmentConfig.json using Guid(b18060f6dcb285148afe67b019ca8598) Importer(815301076,1909f56bfc062723c751e8b465ee728b)  -> (artifact id: '9019f489fdb770aefbcef1ea9e0f0e6a') in 0.002917 seconds
  Import took 0.006041 seconds .

========================================================================
Received Prepare
Registering precompiled user dll's ...
Registered in 0.002482 seconds.
Begin MonoManager ReloadAssembly
Native extension for WindowsStandalone target not found
Native extension for WebGL target not found
Refreshing native plugins compatible for Editor in 0.40 ms, found 0 plugins.
Preloading 0 native plugins for Editor in 0.00 ms.
Invoked RoslynAnalysisRunner static constructor.
RoslynAnalysisRunner will not be running.
RoslynAnalysisRunner has terminated.
Mono: successfully reloaded assembly
- Completed reload, in  1.169 seconds
Platform modules already initialized, skipping
Shader 'FairyGUI/TextMeshPro/Distance Field': fallback shader 'TextMeshPro/Mobile/Distance Field' not found
Refreshing native plugins compatible for Editor in 0.47 ms, found 0 plugins.
Preloading 0 native plugins for Editor in 0.00 ms.
Unloading 2177 Unused Serialized files (Serialized files now loaded: 0)
System memory in use before: 91.9 MB.
System memory in use after: 92.0 MB.

Unloading 9 unused Assets to reduce memory usage. Loaded Objects now: 2689.
Total: 2.339600 ms (FindLiveObjects: 0.536100 ms CreateObjectMapping: 0.128700 ms MarkObjects: 1.656600 ms  DeleteObjects: 0.016400 ms)

========================================================================
Received Import Request.
  Time since last request: 199.143972 seconds.
  path: Assets/Configs/RoleConfig.json
  artifactKey: Guid(a474d9f9560894f48a71c3768160afd3) Importer(815301076,1909f56bfc062723c751e8b465ee728b)
Start importing Assets/Configs/RoleConfig.json using Guid(a474d9f9560894f48a71c3768160afd3) Importer(815301076,1909f56bfc062723c751e8b465ee728b)  -> (artifact id: '7899491f2c03afe4328ae8bb1fdd2239') in 0.018195 seconds
  Import took 0.022914 seconds .

========================================================================
Received Import Request.
  Time since last request: 41.676089 seconds.
  path: Assets/Configs/HexagonConfig.json
  artifactKey: Guid(2ccff283b127d374fac1befb2b108699) Importer(815301076,1909f56bfc062723c751e8b465ee728b)
Start importing Assets/Configs/HexagonConfig.json using Guid(2ccff283b127d374fac1befb2b108699) Importer(815301076,1909f56bfc062723c751e8b465ee728b)  -> (artifact id: '3530f9a2a651467f5479e5ba38417ad4') in 0.003806 seconds
  Import took 0.008011 seconds .

========================================================================
Received Import Request.
  Time since last request: 0.000903 seconds.
  path: Assets/Configs/HexagonConfig.json
  artifactKey: Guid(2ccff283b127d374fac1befb2b108699) Importer(815301076,1909f56bfc062723c751e8b465ee728b)
Start importing Assets/Configs/HexagonConfig.json using Guid(2ccff283b127d374fac1befb2b108699) Importer(815301076,1909f56bfc062723c751e8b465ee728b)  -> (artifact id: '3530f9a2a651467f5479e5ba38417ad4') in 0.003341 seconds
  Import took 0.006454 seconds .

========================================================================
Received Import Request.
  Time since last request: 246.152089 seconds.
  path: Assets/Configs/HexagonConfig.json
  artifactKey: Guid(2ccff283b127d374fac1befb2b108699) Importer(815301076,1909f56bfc062723c751e8b465ee728b)
Start importing Assets/Configs/HexagonConfig.json using Guid(2ccff283b127d374fac1befb2b108699) Importer(815301076,1909f56bfc062723c751e8b465ee728b)  -> (artifact id: '8d45333975480763ef77955a455f9c54') in 0.003154 seconds
  Import took 0.007039 seconds .

========================================================================
Received Import Request.
  Time since last request: 0.002309 seconds.
  path: Assets/Configs/HexagonConfig.json
  artifactKey: Guid(2ccff283b127d374fac1befb2b108699) Importer(815301076,1909f56bfc062723c751e8b465ee728b)
Start importing Assets/Configs/HexagonConfig.json using Guid(2ccff283b127d374fac1befb2b108699) Importer(815301076,1909f56bfc062723c751e8b465ee728b)  -> (artifact id: '8d45333975480763ef77955a455f9c54') in 0.003006 seconds
  Import took 0.006299 seconds .

========================================================================
Received Prepare
Registering precompiled user dll's ...
Registered in 0.002388 seconds.
Begin MonoManager ReloadAssembly
Native extension for WindowsStandalone target not found
Native extension for WebGL target not found
Refreshing native plugins compatible for Editor in 0.42 ms, found 0 plugins.
Preloading 0 native plugins for Editor in 0.00 ms.
Invoked RoslynAnalysisRunner static constructor.
RoslynAnalysisRunner will not be running.
RoslynAnalysisRunner has terminated.
Mono: successfully reloaded assembly
- Completed reload, in  0.979 seconds
Platform modules already initialized, skipping
Shader 'FairyGUI/TextMeshPro/Distance Field': fallback shader 'TextMeshPro/Mobile/Distance Field' not found
Refreshing native plugins compatible for Editor in 0.46 ms, found 0 plugins.
Preloading 0 native plugins for Editor in 0.00 ms.
Unloading 2177 Unused Serialized files (Serialized files now loaded: 0)
System memory in use before: 91.9 MB.
System memory in use after: 92.0 MB.

Unloading 9 unused Assets to reduce memory usage. Loaded Objects now: 2692.
Total: 1.683700 ms (FindLiveObjects: 0.199800 ms CreateObjectMapping: 0.071900 ms MarkObjects: 1.395200 ms  DeleteObjects: 0.015700 ms)

========================================================================
Received Import Request.
  Time since last request: 734.313464 seconds.
  path: Assets/Configs/RoleStarConfig.json
  artifactKey: Guid(68f01f0b2f446e146bcc57bcb4ecb74c) Importer(815301076,1909f56bfc062723c751e8b465ee728b)
Start importing Assets/Configs/RoleStarConfig.json using Guid(68f01f0b2f446e146bcc57bcb4ecb74c) Importer(815301076,1909f56bfc062723c751e8b465ee728b)  -> (artifact id: '675df78d66e73cc8a7be1793b6d5045b') in 0.013029 seconds
  Import took 0.017192 seconds .

========================================================================
Received Prepare
Registering precompiled user dll's ...
Registered in 0.002389 seconds.
Begin MonoManager ReloadAssembly
Native extension for WindowsStandalone target not found
Native extension for WebGL target not found
Refreshing native plugins compatible for Editor in 0.58 ms, found 0 plugins.
Preloading 0 native plugins for Editor in 0.00 ms.
Invoked RoslynAnalysisRunner static constructor.
RoslynAnalysisRunner will not be running.
RoslynAnalysisRunner has terminated.
Mono: successfully reloaded assembly
- Completed reload, in  0.943 seconds
Platform modules already initialized, skipping
Shader 'FairyGUI/TextMeshPro/Distance Field': fallback shader 'TextMeshPro/Mobile/Distance Field' not found
Refreshing native plugins compatible for Editor in 0.39 ms, found 0 plugins.
Preloading 0 native plugins for Editor in 0.00 ms.
Unloading 2177 Unused Serialized files (Serialized files now loaded: 0)
System memory in use before: 91.9 MB.
System memory in use after: 92.0 MB.

Unloading 9 unused Assets to reduce memory usage. Loaded Objects now: 2695.
Total: 1.738400 ms (FindLiveObjects: 0.199800 ms CreateObjectMapping: 0.079000 ms MarkObjects: 1.442900 ms  DeleteObjects: 0.015800 ms)

========================================================================
Received Prepare
Registering precompiled user dll's ...
Registered in 0.002590 seconds.
Begin MonoManager ReloadAssembly
Native extension for WindowsStandalone target not found
Native extension for WebGL target not found
Refreshing native plugins compatible for Editor in 0.42 ms, found 0 plugins.
Preloading 0 native plugins for Editor in 0.00 ms.
Invoked RoslynAnalysisRunner static constructor.
RoslynAnalysisRunner will not be running.
Temp/RoslynAnalysisRunner has been deleted.
RoslynAnalysisRunner has terminated.
Mono: successfully reloaded assembly
- Completed reload, in  1.667 seconds
Platform modules already initialized, skipping
Shader 'FairyGUI/TextMeshPro/Distance Field': fallback shader 'TextMeshPro/Mobile/Distance Field' not found
Refreshing native plugins compatible for Editor in 0.40 ms, found 0 plugins.
Preloading 0 native plugins for Editor in 0.00 ms.
Unloading 2177 Unused Serialized files (Serialized files now loaded: 0)
System memory in use before: 91.8 MB.
System memory in use after: 91.9 MB.

Unloading 9 unused Assets to reduce memory usage. Loaded Objects now: 2698.
Total: 1.844000 ms (FindLiveObjects: 0.227600 ms CreateObjectMapping: 0.087600 ms MarkObjects: 1.510800 ms  DeleteObjects: 0.016700 ms)

========================================================================
Received Prepare
Registering precompiled user dll's ...
Registered in 0.004196 seconds.
Begin MonoManager ReloadAssembly
Native extension for WindowsStandalone target not found
Native extension for WebGL target not found
Refreshing native plugins compatible for Editor in 0.58 ms, found 0 plugins.
Preloading 0 native plugins for Editor in 0.00 ms.
Invoked RoslynAnalysisRunner static constructor.
RoslynAnalysisRunner will not be running.
RoslynAnalysisRunner has terminated.
Mono: successfully reloaded assembly
- Completed reload, in  0.968 seconds
Platform modules already initialized, skipping
Shader 'FairyGUI/TextMeshPro/Distance Field': fallback shader 'TextMeshPro/Mobile/Distance Field' not found
Refreshing native plugins compatible for Editor in 0.48 ms, found 0 plugins.
Preloading 0 native plugins for Editor in 0.00 ms.
Unloading 2177 Unused Serialized files (Serialized files now loaded: 0)
System memory in use before: 91.9 MB.
System memory in use after: 92.0 MB.

Unloading 9 unused Assets to reduce memory usage. Loaded Objects now: 2701.
Total: 3.049200 ms (FindLiveObjects: 0.448900 ms CreateObjectMapping: 0.271200 ms MarkObjects: 2.309600 ms  DeleteObjects: 0.017900 ms)

========================================================================
Received Prepare
Registering precompiled user dll's ...
Registered in 0.002181 seconds.
Begin MonoManager ReloadAssembly
Native extension for WindowsStandalone target not found
Native extension for WebGL target not found
Refreshing native plugins compatible for Editor in 0.41 ms, found 0 plugins.
Preloading 0 native plugins for Editor in 0.00 ms.
Invoked RoslynAnalysisRunner static constructor.
RoslynAnalysisRunner will not be running.
RoslynAnalysisRunner has terminated.
Mono: successfully reloaded assembly
- Completed reload, in  1.074 seconds
Platform modules already initialized, skipping
Shader 'FairyGUI/TextMeshPro/Distance Field': fallback shader 'TextMeshPro/Mobile/Distance Field' not found
Refreshing native plugins compatible for Editor in 0.43 ms, found 0 plugins.
Preloading 0 native plugins for Editor in 0.00 ms.
Unloading 2177 Unused Serialized files (Serialized files now loaded: 0)
System memory in use before: 91.9 MB.
System memory in use after: 92.0 MB.

Unloading 9 unused Assets to reduce memory usage. Loaded Objects now: 2704.
Total: 2.819800 ms (FindLiveObjects: 0.346600 ms CreateObjectMapping: 0.132000 ms MarkObjects: 2.286700 ms  DeleteObjects: 0.025200 ms)

========================================================================
Received Prepare
Registering precompiled user dll's ...
Registered in 0.002805 seconds.
Begin MonoManager ReloadAssembly
Native extension for WindowsStandalone target not found
Native extension for WebGL target not found
Refreshing native plugins compatible for Editor in 0.47 ms, found 0 plugins.
Preloading 0 native plugins for Editor in 0.00 ms.
Invoked RoslynAnalysisRunner static constructor.
RoslynAnalysisRunner will not be running.
RoslynAnalysisRunner has terminated.
Mono: successfully reloaded assembly
- Completed reload, in  0.985 seconds
Platform modules already initialized, skipping
Shader 'FairyGUI/TextMeshPro/Distance Field': fallback shader 'TextMeshPro/Mobile/Distance Field' not found
Refreshing native plugins compatible for Editor in 0.71 ms, found 0 plugins.
Preloading 0 native plugins for Editor in 0.00 ms.
Unloading 2177 Unused Serialized files (Serialized files now loaded: 0)
System memory in use before: 91.9 MB.
System memory in use after: 92.0 MB.

Unloading 9 unused Assets to reduce memory usage. Loaded Objects now: 2707.
Total: 2.070200 ms (FindLiveObjects: 0.215000 ms CreateObjectMapping: 0.082900 ms MarkObjects: 1.753500 ms  DeleteObjects: 0.017000 ms)

========================================================================
Received Prepare
Registering precompiled user dll's ...
Registered in 0.001870 seconds.
Begin MonoManager ReloadAssembly
Native extension for WindowsStandalone target not found
Native extension for WebGL target not found
Refreshing native plugins compatible for Editor in 0.43 ms, found 0 plugins.
Preloading 0 native plugins for Editor in 0.00 ms.
Invoked RoslynAnalysisRunner static constructor.
RoslynAnalysisRunner will not be running.
RoslynAnalysisRunner has terminated.
Mono: successfully reloaded assembly
- Completed reload, in  2.219 seconds
Platform modules already initialized, skipping
Shader 'FairyGUI/TextMeshPro/Distance Field': fallback shader 'TextMeshPro/Mobile/Distance Field' not found
Refreshing native plugins compatible for Editor in 0.43 ms, found 0 plugins.
Preloading 0 native plugins for Editor in 0.00 ms.
Unloading 2177 Unused Serialized files (Serialized files now loaded: 0)
System memory in use before: 91.9 MB.
System memory in use after: 92.0 MB.

Unloading 9 unused Assets to reduce memory usage. Loaded Objects now: 2710.
Total: 2.558700 ms (FindLiveObjects: 0.530200 ms CreateObjectMapping: 0.343700 ms MarkObjects: 1.662400 ms  DeleteObjects: 0.020100 ms)

========================================================================
Received Prepare
Registering precompiled user dll's ...
Registered in 0.001994 seconds.
Begin MonoManager ReloadAssembly
Native extension for WindowsStandalone target not found
Native extension for WebGL target not found
Refreshing native plugins compatible for Editor in 0.60 ms, found 0 plugins.
Preloading 0 native plugins for Editor in 0.00 ms.
Invoked RoslynAnalysisRunner static constructor.
RoslynAnalysisRunner will not be running.
Temp/RoslynAnalysisRunner has been deleted.
RoslynAnalysisRunner has terminated.
Mono: successfully reloaded assembly
- Completed reload, in  2.034 seconds
Platform modules already initialized, skipping
Shader 'FairyGUI/TextMeshPro/Distance Field': fallback shader 'TextMeshPro/Mobile/Distance Field' not found
Refreshing native plugins compatible for Editor in 0.41 ms, found 0 plugins.
Preloading 0 native plugins for Editor in 0.00 ms.
Unloading 2177 Unused Serialized files (Serialized files now loaded: 0)
System memory in use before: 91.8 MB.
System memory in use after: 91.9 MB.

Unloading 9 unused Assets to reduce memory usage. Loaded Objects now: 2713.
Total: 1.801100 ms (FindLiveObjects: 0.194500 ms CreateObjectMapping: 0.071200 ms MarkObjects: 1.515500 ms  DeleteObjects: 0.018600 ms)

========================================================================
Received Prepare
Registering precompiled user dll's ...
Registered in 0.001985 seconds.
Begin MonoManager ReloadAssembly
Native extension for WindowsStandalone target not found
Native extension for WebGL target not found
Refreshing native plugins compatible for Editor in 0.40 ms, found 0 plugins.
Preloading 0 native plugins for Editor in 0.00 ms.
Invoked RoslynAnalysisRunner static constructor.
RoslynAnalysisRunner will not be running.
RoslynAnalysisRunner has terminated.
Mono: successfully reloaded assembly
- Completed reload, in  0.769 seconds
Platform modules already initialized, skipping
Shader 'FairyGUI/TextMeshPro/Distance Field': fallback shader 'TextMeshPro/Mobile/Distance Field' not found
Refreshing native plugins compatible for Editor in 0.40 ms, found 0 plugins.
Preloading 0 native plugins for Editor in 0.00 ms.
Unloading 2177 Unused Serialized files (Serialized files now loaded: 0)
System memory in use before: 91.9 MB.
System memory in use after: 92.0 MB.

Unloading 9 unused Assets to reduce memory usage. Loaded Objects now: 2716.
Total: 1.801000 ms (FindLiveObjects: 0.236800 ms CreateObjectMapping: 0.084100 ms MarkObjects: 1.460400 ms  DeleteObjects: 0.018100 ms)

========================================================================
Received Import Request.
  Time since last request: 1341.227983 seconds.
  path: Assets/Resources/UI/Background
  artifactKey: Guid(62f44ec1bf89403428e761dbff9b0c32) Importer(815301076,1909f56bfc062723c751e8b465ee728b)
Start importing Assets/Resources/UI/Background using Guid(62f44ec1bf89403428e761dbff9b0c32) Importer(815301076,1909f56bfc062723c751e8b465ee728b)  -> (artifact id: '58ee739bfc3b96e3c761c82f2ac468f9') in 0.006407 seconds
  Import took 0.010668 seconds .

========================================================================
Received Import Request.
  Time since last request: 1.375959 seconds.
  path: Assets/Resources/UI/Background/v2-43bc1d0c15e379464311f35bcffd3d14_1440w.webp
  artifactKey: Guid(c2eb869783d66854bbe01b1600b3b902) Importer(815301076,1909f56bfc062723c751e8b465ee728b)
Start importing Assets/Resources/UI/Background/v2-43bc1d0c15e379464311f35bcffd3d14_1440w.webp using Guid(c2eb869783d66854bbe01b1600b3b902) Importer(815301076,1909f56bfc062723c751e8b465ee728b)  -> (artifact id: 'b32ea2a8a53b00d10af649923c2abd51') in 0.013020 seconds
  Import took 0.016085 seconds .

========================================================================
Received Prepare
Registering precompiled user dll's ...
Registered in 0.001831 seconds.
Begin MonoManager ReloadAssembly
Native extension for WindowsStandalone target not found
Native extension for WebGL target not found
Refreshing native plugins compatible for Editor in 0.42 ms, found 0 plugins.
Preloading 0 native plugins for Editor in 0.00 ms.
Invoked RoslynAnalysisRunner static constructor.
RoslynAnalysisRunner will not be running.
Temp/RoslynAnalysisRunner has been deleted.
RoslynAnalysisRunner has terminated.
Mono: successfully reloaded assembly
- Completed reload, in  1.334 seconds
Platform modules already initialized, skipping
Shader 'FairyGUI/TextMeshPro/Distance Field': fallback shader 'TextMeshPro/Mobile/Distance Field' not found
Refreshing native plugins compatible for Editor in 1.23 ms, found 0 plugins.
Preloading 0 native plugins for Editor in 0.00 ms.
Unloading 2178 Unused Serialized files (Serialized files now loaded: 0)
System memory in use before: 92.0 MB.
System memory in use after: 92.1 MB.

Unloading 9 unused Assets to reduce memory usage. Loaded Objects now: 2720.
Total: 5.524800 ms (FindLiveObjects: 0.883600 ms CreateObjectMapping: 0.323800 ms MarkObjects: 4.296200 ms  DeleteObjects: 0.018500 ms)

========================================================================
Received Import Request.
  Time since last request: 594.196696 seconds.
  path: Assets/Scripts/UI/MapPanel/MapScroll.cs
  artifactKey: Guid(d92c1408ac956164182683b01b279081) Importer(815301076,1909f56bfc062723c751e8b465ee728b)
Start importing Assets/Scripts/UI/MapPanel/MapScroll.cs using Guid(d92c1408ac956164182683b01b279081) Importer(815301076,1909f56bfc062723c751e8b465ee728b)  -> (artifact id: '52ee398ccd92936a2f5239543b98f39f') in 0.011994 seconds
  Import took 0.015940 seconds .

========================================================================
Received Prepare
Registering precompiled user dll's ...
Registered in 0.001858 seconds.
Begin MonoManager ReloadAssembly
Native extension for WindowsStandalone target not found
Native extension for WebGL target not found
Refreshing native plugins compatible for Editor in 0.41 ms, found 0 plugins.
Preloading 0 native plugins for Editor in 0.00 ms.
Invoked RoslynAnalysisRunner static constructor.
RoslynAnalysisRunner will not be running.
Temp/RoslynAnalysisRunner has been deleted.
RoslynAnalysisRunner has terminated.
Mono: successfully reloaded assembly
- Completed reload, in  1.356 seconds
Platform modules already initialized, skipping
Shader 'FairyGUI/TextMeshPro/Distance Field': fallback shader 'TextMeshPro/Mobile/Distance Field' not found
Refreshing native plugins compatible for Editor in 0.40 ms, found 0 plugins.
Preloading 0 native plugins for Editor in 0.00 ms.
Unloading 2178 Unused Serialized files (Serialized files now loaded: 0)
System memory in use before: 92.1 MB.
System memory in use after: 92.2 MB.

Unloading 9 unused Assets to reduce memory usage. Loaded Objects now: 2723.
Total: 2.045300 ms (FindLiveObjects: 0.242500 ms CreateObjectMapping: 0.118100 ms MarkObjects: 1.665200 ms  DeleteObjects: 0.018500 ms)

========================================================================
Received Import Request.
  Time since last request: 182.502046 seconds.
  path: Assets/Scripts/UI/MapPanel/MapScroll.cs
  artifactKey: Guid(d92c1408ac956164182683b01b279081) Importer(815301076,1909f56bfc062723c751e8b465ee728b)
Start importing Assets/Scripts/UI/MapPanel/MapScroll.cs using Guid(d92c1408ac956164182683b01b279081) Importer(815301076,1909f56bfc062723c751e8b465ee728b)  -> (artifact id: '3ee6db436444ba0b1d607549ef1e3d1d') in 0.004022 seconds
  Import took 0.008063 seconds .

========================================================================
Received Prepare
Registering precompiled user dll's ...
Registered in 0.003073 seconds.
Begin MonoManager ReloadAssembly
Native extension for WindowsStandalone target not found
Native extension for WebGL target not found
Refreshing native plugins compatible for Editor in 0.44 ms, found 0 plugins.
Preloading 0 native plugins for Editor in 0.00 ms.
Invoked RoslynAnalysisRunner static constructor.
RoslynAnalysisRunner will not be running.
Temp/RoslynAnalysisRunner has been deleted.
RoslynAnalysisRunner has terminated.
Mono: successfully reloaded assembly
- Completed reload, in  1.208 seconds
Platform modules already initialized, skipping
Shader 'FairyGUI/TextMeshPro/Distance Field': fallback shader 'TextMeshPro/Mobile/Distance Field' not found
Refreshing native plugins compatible for Editor in 0.40 ms, found 0 plugins.
Preloading 0 native plugins for Editor in 0.00 ms.
Unloading 2178 Unused Serialized files (Serialized files now loaded: 0)
System memory in use before: 92.1 MB.
System memory in use after: 92.3 MB.

Unloading 9 unused Assets to reduce memory usage. Loaded Objects now: 2726.
Total: 2.017600 ms (FindLiveObjects: 0.256700 ms CreateObjectMapping: 0.105700 ms MarkObjects: 1.634800 ms  DeleteObjects: 0.018300 ms)

========================================================================
Received Import Request.
  Time since last request: 459.740347 seconds.
  path: Assets/Scripts/UI/MapPanel/MapScroll.cs
  artifactKey: Guid(d92c1408ac956164182683b01b279081) Importer(815301076,1909f56bfc062723c751e8b465ee728b)
Start importing Assets/Scripts/UI/MapPanel/MapScroll.cs using Guid(d92c1408ac956164182683b01b279081) Importer(815301076,1909f56bfc062723c751e8b465ee728b)  -> (artifact id: '497cfc79d3ee8fc838530a76ad2bb948') in 0.004017 seconds
  Import took 0.007524 seconds .

========================================================================
Received Import Request.
  Time since last request: 1.325836 seconds.
  path: Assets/Scripts/UI/MapPanel/MapScroll.cs
  artifactKey: Guid(d92c1408ac956164182683b01b279081) Importer(815301076,1909f56bfc062723c751e8b465ee728b)
Start importing Assets/Scripts/UI/MapPanel/MapScroll.cs using Guid(d92c1408ac956164182683b01b279081) Importer(815301076,1909f56bfc062723c751e8b465ee728b)  -> (artifact id: '497cfc79d3ee8fc838530a76ad2bb948') in 0.001798 seconds
  Import took 0.005618 seconds .

========================================================================
Received Prepare
Registering precompiled user dll's ...
Registered in 0.002127 seconds.
Begin MonoManager ReloadAssembly
Native extension for WindowsStandalone target not found
Native extension for WebGL target not found
Refreshing native plugins compatible for Editor in 0.40 ms, found 0 plugins.
Preloading 0 native plugins for Editor in 0.00 ms.
Invoked RoslynAnalysisRunner static constructor.
RoslynAnalysisRunner will not be running.
RoslynAnalysisRunner has terminated.
Mono: successfully reloaded assembly
- Completed reload, in  0.946 seconds
Platform modules already initialized, skipping
Shader 'FairyGUI/TextMeshPro/Distance Field': fallback shader 'TextMeshPro/Mobile/Distance Field' not found
Refreshing native plugins compatible for Editor in 0.41 ms, found 0 plugins.
Preloading 0 native plugins for Editor in 0.00 ms.
Unloading 2178 Unused Serialized files (Serialized files now loaded: 0)
System memory in use before: 92.0 MB.
System memory in use after: 92.2 MB.

Unloading 9 unused Assets to reduce memory usage. Loaded Objects now: 2729.
Total: 2.001100 ms (FindLiveObjects: 0.240900 ms CreateObjectMapping: 0.104100 ms MarkObjects: 1.638900 ms  DeleteObjects: 0.016100 ms)

========================================================================
Received Prepare
Registering precompiled user dll's ...
Registered in 0.065742 seconds.
Begin MonoManager ReloadAssembly
Native extension for WindowsStandalone target not found
Native extension for WebGL target not found
Refreshing native plugins compatible for Editor in 0.41 ms, found 0 plugins.
Preloading 0 native plugins for Editor in 0.00 ms.
Invoked RoslynAnalysisRunner static constructor.
RoslynAnalysisRunner will not be running.
Temp/RoslynAnalysisRunner has been deleted.
RoslynAnalysisRunner has terminated.
Mono: successfully reloaded assembly
- Completed reload, in  0.768 seconds
Platform modules already initialized, skipping
Shader 'FairyGUI/TextMeshPro/Distance Field': fallback shader 'TextMeshPro/Mobile/Distance Field' not found
Refreshing native plugins compatible for Editor in 0.41 ms, found 0 plugins.
Preloading 0 native plugins for Editor in 0.00 ms.
Unloading 2178 Unused Serialized files (Serialized files now loaded: 0)
System memory in use before: 92.1 MB.
System memory in use after: 92.3 MB.

Unloading 9 unused Assets to reduce memory usage. Loaded Objects now: 2732.
Total: 1.871500 ms (FindLiveObjects: 0.240400 ms CreateObjectMapping: 0.094400 ms MarkObjects: 1.518400 ms  DeleteObjects: 0.017100 ms)

========================================================================
Received Prepare
Registering precompiled user dll's ...
Registered in 0.001917 seconds.
Begin MonoManager ReloadAssembly
Native extension for WindowsStandalone target not found
Native extension for WebGL target not found
Refreshing native plugins compatible for Editor in 0.41 ms, found 0 plugins.
Preloading 0 native plugins for Editor in 0.00 ms.
Invoked RoslynAnalysisRunner static constructor.
RoslynAnalysisRunner will not be running.
RoslynAnalysisRunner has terminated.
Mono: successfully reloaded assembly
- Completed reload, in  4.731 seconds
Platform modules already initialized, skipping
Shader 'FairyGUI/TextMeshPro/Distance Field': fallback shader 'TextMeshPro/Mobile/Distance Field' not found
Refreshing native plugins compatible for Editor in 0.48 ms, found 0 plugins.
Preloading 0 native plugins for Editor in 0.00 ms.
Unloading 2179 Unused Serialized files (Serialized files now loaded: 0)
System memory in use before: 92.1 MB.
System memory in use after: 92.3 MB.

Unloading 9 unused Assets to reduce memory usage. Loaded Objects now: 2736.
Total: 6.677000 ms (FindLiveObjects: 0.244300 ms CreateObjectMapping: 0.096700 ms MarkObjects: 6.312700 ms  DeleteObjects: 0.021600 ms)

========================================================================
Received Import Request.
  Time since last request: 140.566032 seconds.
  path: Assets/Resources/UI/Background/Map.jpg
  artifactKey: Guid(00d95ec997ef0ca4ab3548634cdcacf0) Importer(815301076,1909f56bfc062723c751e8b465ee728b)
Start importing Assets/Resources/UI/Background/Map.jpg using Guid(00d95ec997ef0ca4ab3548634cdcacf0) Importer(815301076,1909f56bfc062723c751e8b465ee728b)  -> (artifact id: '028ae518277ec5e269d05738398b8b81') in 0.051557 seconds
  Import took 0.055372 seconds .

========================================================================
Received Import Request.
  Time since last request: 0.002213 seconds.
  path: Assets/Resources/UI/Background/Map.jpg
  artifactKey: Guid(00d95ec997ef0ca4ab3548634cdcacf0) Importer(815301076,1909f56bfc062723c751e8b465ee728b)
Start importing Assets/Resources/UI/Background/Map.jpg using Guid(00d95ec997ef0ca4ab3548634cdcacf0) Importer(815301076,1909f56bfc062723c751e8b465ee728b)  -> (artifact id: '028ae518277ec5e269d05738398b8b81') in 0.008089 seconds
  Import took 0.012548 seconds .

========================================================================
Received Prepare
Registering precompiled user dll's ...
Registered in 0.002328 seconds.
Begin MonoManager ReloadAssembly
Native extension for WindowsStandalone target not found
Native extension for WebGL target not found
Refreshing native plugins compatible for Editor in 0.52 ms, found 0 plugins.
Preloading 0 native plugins for Editor in 0.00 ms.
Invoked RoslynAnalysisRunner static constructor.
RoslynAnalysisRunner will not be running.
RoslynAnalysisRunner has terminated.
Mono: successfully reloaded assembly
- Completed reload, in  1.124 seconds
Platform modules already initialized, skipping
Shader 'FairyGUI/TextMeshPro/Distance Field': fallback shader 'TextMeshPro/Mobile/Distance Field' not found
Refreshing native plugins compatible for Editor in 0.81 ms, found 0 plugins.
Preloading 0 native plugins for Editor in 0.00 ms.
Unloading 2179 Unused Serialized files (Serialized files now loaded: 0)
System memory in use before: 92.1 MB.
System memory in use after: 92.3 MB.

Unloading 9 unused Assets to reduce memory usage. Loaded Objects now: 2741.
Total: 2.961600 ms (FindLiveObjects: 1.109800 ms CreateObjectMapping: 0.134900 ms MarkObjects: 1.698500 ms  DeleteObjects: 0.016200 ms)

========================================================================
Received Prepare
Registering precompiled user dll's ...
Registered in 0.002240 seconds.
Begin MonoManager ReloadAssembly
Native extension for WindowsStandalone target not found
Native extension for WebGL target not found
Refreshing native plugins compatible for Editor in 0.42 ms, found 0 plugins.
Preloading 0 native plugins for Editor in 0.00 ms.
Invoked RoslynAnalysisRunner static constructor.
RoslynAnalysisRunner will not be running.
Temp/RoslynAnalysisRunner has been deleted.
RoslynAnalysisRunner has terminated.
Mono: successfully reloaded assembly
- Completed reload, in  1.137 seconds
Platform modules already initialized, skipping
Shader 'FairyGUI/TextMeshPro/Distance Field': fallback shader 'TextMeshPro/Mobile/Distance Field' not found
Refreshing native plugins compatible for Editor in 0.42 ms, found 0 plugins.
Preloading 0 native plugins for Editor in 0.00 ms.
Unloading 2179 Unused Serialized files (Serialized files now loaded: 0)
System memory in use before: 92.1 MB.
System memory in use after: 92.3 MB.

Unloading 9 unused Assets to reduce memory usage. Loaded Objects now: 2744.
Total: 2.026600 ms (FindLiveObjects: 0.327800 ms CreateObjectMapping: 0.122600 ms MarkObjects: 1.559300 ms  DeleteObjects: 0.015500 ms)

========================================================================
Received Prepare
Registering precompiled user dll's ...
Registered in 0.001945 seconds.
Begin MonoManager ReloadAssembly
Native extension for WindowsStandalone target not found
Native extension for WebGL target not found
Refreshing native plugins compatible for Editor in 0.47 ms, found 0 plugins.
Preloading 0 native plugins for Editor in 0.00 ms.
Invoked RoslynAnalysisRunner static constructor.
RoslynAnalysisRunner will not be running.
Temp/RoslynAnalysisRunner has been deleted.
RoslynAnalysisRunner has terminated.
Mono: successfully reloaded assembly
- Completed reload, in  1.606 seconds
Platform modules already initialized, skipping
Shader 'FairyGUI/TextMeshPro/Distance Field': fallback shader 'TextMeshPro/Mobile/Distance Field' not found
Refreshing native plugins compatible for Editor in 0.41 ms, found 0 plugins.
Preloading 0 native plugins for Editor in 0.00 ms.
Unloading 2179 Unused Serialized files (Serialized files now loaded: 0)
System memory in use before: 92.0 MB.
System memory in use after: 92.3 MB.

Unloading 9 unused Assets to reduce memory usage. Loaded Objects now: 2747.
Total: 2.430700 ms (FindLiveObjects: 0.257100 ms CreateObjectMapping: 0.103500 ms MarkObjects: 2.045100 ms  DeleteObjects: 0.023500 ms)

========================================================================
Received Prepare
Registering precompiled user dll's ...
Registered in 0.002173 seconds.
Begin MonoManager ReloadAssembly
Native extension for WindowsStandalone target not found
Native extension for WebGL target not found
Refreshing native plugins compatible for Editor in 0.45 ms, found 0 plugins.
Preloading 0 native plugins for Editor in 0.00 ms.
Invoked RoslynAnalysisRunner static constructor.
RoslynAnalysisRunner will not be running.
Temp/RoslynAnalysisRunner has been deleted.
RoslynAnalysisRunner has terminated.
Mono: successfully reloaded assembly
- Completed reload, in  1.793 seconds
Platform modules already initialized, skipping
Shader 'FairyGUI/TextMeshPro/Distance Field': fallback shader 'TextMeshPro/Mobile/Distance Field' not found
Refreshing native plugins compatible for Editor in 0.42 ms, found 0 plugins.
Preloading 0 native plugins for Editor in 0.00 ms.
Unloading 2179 Unused Serialized files (Serialized files now loaded: 0)
System memory in use before: 92.1 MB.
System memory in use after: 92.4 MB.

Unloading 9 unused Assets to reduce memory usage. Loaded Objects now: 2750.
Total: 1.764500 ms (FindLiveObjects: 0.228600 ms CreateObjectMapping: 0.099500 ms MarkObjects: 1.418300 ms  DeleteObjects: 0.016800 ms)

========================================================================
Received Prepare
Registering precompiled user dll's ...
Registered in 0.002426 seconds.
Begin MonoManager ReloadAssembly
Native extension for WindowsStandalone target not found
Native extension for WebGL target not found
Refreshing native plugins compatible for Editor in 0.41 ms, found 0 plugins.
Preloading 0 native plugins for Editor in 0.00 ms.
Invoked RoslynAnalysisRunner static constructor.
RoslynAnalysisRunner will not be running.
RoslynAnalysisRunner has terminated.
Mono: successfully reloaded assembly
- Completed reload, in  0.953 seconds
Platform modules already initialized, skipping
Shader 'FairyGUI/TextMeshPro/Distance Field': fallback shader 'TextMeshPro/Mobile/Distance Field' not found
Refreshing native plugins compatible for Editor in 0.42 ms, found 0 plugins.
Preloading 0 native plugins for Editor in 0.00 ms.
Unloading 2179 Unused Serialized files (Serialized files now loaded: 0)
System memory in use before: 92.1 MB.
System memory in use after: 92.4 MB.

Unloading 9 unused Assets to reduce memory usage. Loaded Objects now: 2753.
Total: 2.216800 ms (FindLiveObjects: 0.296900 ms CreateObjectMapping: 0.107900 ms MarkObjects: 1.779700 ms  DeleteObjects: 0.031100 ms)

========================================================================
Received Import Request.
  Time since last request: 145.774530 seconds.
  path: Assets/Resources/UI/Background/Map.jpg
  artifactKey: Guid(00d95ec997ef0ca4ab3548634cdcacf0) Importer(815301076,1909f56bfc062723c751e8b465ee728b)
Start importing Assets/Resources/UI/Background/Map.jpg using Guid(00d95ec997ef0ca4ab3548634cdcacf0) Importer(815301076,1909f56bfc062723c751e8b465ee728b)  -> (artifact id: '833df09df32d98111875adf1a804aa6c') in 0.050236 seconds
  Import took 0.053497 seconds .

========================================================================
Received Import Request.
  Time since last request: 8.253603 seconds.
  path: Assets/Resources/UI/Background/MapBG.png
  artifactKey: Guid(5a1462dd06414d64cbf911709e926f60) Importer(815301076,1909f56bfc062723c751e8b465ee728b)
Start importing Assets/Resources/UI/Background/MapBG.png using Guid(5a1462dd06414d64cbf911709e926f60) Importer(815301076,1909f56bfc062723c751e8b465ee728b)  -> (artifact id: '0bcaf1c8eefa8739fb2069be0401bf85') in 0.017074 seconds
  Import took 0.020754 seconds .

========================================================================
Received Import Request.
  Time since last request: 9.592376 seconds.
  path: Assets/Resources/UI/Background/Map.jpg
  artifactKey: Guid(00d95ec997ef0ca4ab3548634cdcacf0) Importer(815301076,1909f56bfc062723c751e8b465ee728b)
Start importing Assets/Resources/UI/Background/Map.jpg using Guid(00d95ec997ef0ca4ab3548634cdcacf0) Importer(815301076,1909f56bfc062723c751e8b465ee728b)  -> (artifact id: 'c1816bce205a51a52dec5a4e0ab2d199') in 0.073349 seconds
  Import took 0.077765 seconds .

========================================================================
Received Import Request.
  Time since last request: 13.055795 seconds.
  path: Assets/Resources/UI/Background/Map.jpg
  artifactKey: Guid(00d95ec997ef0ca4ab3548634cdcacf0) Importer(815301076,1909f56bfc062723c751e8b465ee728b)
Start importing Assets/Resources/UI/Background/Map.jpg using Guid(00d95ec997ef0ca4ab3548634cdcacf0) Importer(815301076,1909f56bfc062723c751e8b465ee728b)  -> (artifact id: 'aefb0af39c2936ff3206f43476b00481') in 0.133661 seconds
  Import took 0.140002 seconds .

========================================================================
Received Prepare
Registering precompiled user dll's ...
Registered in 0.001879 seconds.
Begin MonoManager ReloadAssembly
Native extension for WindowsStandalone target not found
Native extension for WebGL target not found
Refreshing native plugins compatible for Editor in 0.46 ms, found 0 plugins.
Preloading 0 native plugins for Editor in 0.00 ms.
Invoked RoslynAnalysisRunner static constructor.
RoslynAnalysisRunner will not be running.
RoslynAnalysisRunner has terminated.
Mono: successfully reloaded assembly
- Completed reload, in  0.956 seconds
Platform modules already initialized, skipping
Shader 'FairyGUI/TextMeshPro/Distance Field': fallback shader 'TextMeshPro/Mobile/Distance Field' not found
Refreshing native plugins compatible for Editor in 0.85 ms, found 0 plugins.
Preloading 0 native plugins for Editor in 0.00 ms.
Unloading 2179 Unused Serialized files (Serialized files now loaded: 0)
System memory in use before: 92.2 MB.
System memory in use after: 92.4 MB.

Unloading 9 unused Assets to reduce memory usage. Loaded Objects now: 2758.
Total: 2.413000 ms (FindLiveObjects: 0.390100 ms CreateObjectMapping: 0.189900 ms MarkObjects: 1.811900 ms  DeleteObjects: 0.019600 ms)

========================================================================
Received Import Request.
  Time since last request: 67.441794 seconds.
  path: Assets/Resources/UI/Background/Map.jpg
  artifactKey: Guid(00d95ec997ef0ca4ab3548634cdcacf0) Importer(815301076,1909f56bfc062723c751e8b465ee728b)
Start importing Assets/Resources/UI/Background/Map.jpg using Guid(00d95ec997ef0ca4ab3548634cdcacf0) Importer(815301076,1909f56bfc062723c751e8b465ee728b)  -> (artifact id: 'edf72247dbc9a92f15d2d9dcea51b229') in 0.043617 seconds
  Import took 0.048203 seconds .

========================================================================
Received Prepare
Registering precompiled user dll's ...
Registered in 0.001869 seconds.
Begin MonoManager ReloadAssembly
Native extension for WindowsStandalone target not found
Native extension for WebGL target not found
Refreshing native plugins compatible for Editor in 0.40 ms, found 0 plugins.
Preloading 0 native plugins for Editor in 0.00 ms.
Invoked RoslynAnalysisRunner static constructor.
RoslynAnalysisRunner will not be running.
RoslynAnalysisRunner has terminated.
Mono: successfully reloaded assembly
- Completed reload, in  0.756 seconds
Platform modules already initialized, skipping
Shader 'FairyGUI/TextMeshPro/Distance Field': fallback shader 'TextMeshPro/Mobile/Distance Field' not found
Refreshing native plugins compatible for Editor in 0.41 ms, found 0 plugins.
Preloading 0 native plugins for Editor in 0.00 ms.
Unloading 2179 Unused Serialized files (Serialized files now loaded: 0)
System memory in use before: 92.2 MB.
System memory in use after: 92.4 MB.

Unloading 9 unused Assets to reduce memory usage. Loaded Objects now: 2761.
Total: 1.828300 ms (FindLiveObjects: 0.218500 ms CreateObjectMapping: 0.091100 ms MarkObjects: 1.503700 ms  DeleteObjects: 0.014300 ms)

AssetImportWorkerClient::OnTransportError - code=2 error=End of file
