Using pre-set license
Built from '2020.3/staging' branch; Version is '2020.3.0f1 (c7b5465681fb) revision 13088070'; Using compiler version '192528614'; Build Type 'Release'
OS: 'Windows 10 Pro; OS build 19041.208; Version 2004; 64bit' Language: 'zh' Physical Memory: 16326 MB
BatchMode: 1, IsHumanControllingUs: 0, StartBugReporterOnCrash: 0, Is64bit: 1, IsPro: 0

 COMMAND LINE ARGUMENTS:
D:\Unity 2020.3.0f1\2020.3.0f1\Editor\Unity.exe
-adb2
-batchMode
-noUpm
-name
AssetImportWorker0
-projectPath
E:/WarGame
-logFile
Logs/AssetImportWorker0.log
-srvPort
63959
Successfully changed project path to: E:/WarGame
E:/WarGame
Using Asset Import Pipeline V2.
Refreshing native plugins compatible for Editor in 26.23 ms, found 0 plugins.
Preloading 0 native plugins for Editor in 0.00 ms.
Initialize engine version: 2020.3.0f1 (c7b5465681fb)
[Subsystems] Discovering subsystems at path D:/Unity 2020.3.0f1/2020.3.0f1/Editor/Data/Resources/UnitySubsystems
[Subsystems] Discovering subsystems at path E:/WarGame/Assets
GfxDevice: creating device client; threaded=0
Direct3D:
    Version:  Direct3D 11.0 [level 11.1]
    Renderer: NVIDIA GeForce GTX 1650 (ID=0x1f82)
    Vendor:   
    VRAM:     3935 MB
    Driver:   31.0.15.5161
Shader 'FairyGUI/TextMeshPro/Distance Field': fallback shader 'TextMeshPro/Mobile/Distance Field' not found
Initialize mono
Mono path[0] = 'D:/Unity 2020.3.0f1/2020.3.0f1/Editor/Data/Managed'
Mono path[1] = 'D:/Unity 2020.3.0f1/2020.3.0f1/Editor/Data/MonoBleedingEdge/lib/mono/unityjit'
Mono config path = 'D:/Unity 2020.3.0f1/2020.3.0f1/Editor/Data/MonoBleedingEdge/etc'
Using monoOptions --debugger-agent=transport=dt_socket,embedding=1,server=y,suspend=n,address=127.0.0.1:56424
Begin MonoManager ReloadAssembly
Registering precompiled unity dll's ...
Register platform support module: D:/Unity 2020.3.0f1/2020.3.0f1/Editor/Data/PlaybackEngines/WebGLSupport/UnityEditor.WebGL.Extensions.dll
Register platform support module: D:/Unity 2020.3.0f1/2020.3.0f1/Editor/Data/PlaybackEngines/WindowsStandaloneSupport/UnityEditor.WindowsStandalone.Extensions.dll
Registered in 0.001032 seconds.
Native extension for WindowsStandalone target not found
Native extension for WebGL target not found
Refreshing native plugins compatible for Editor in 30.48 ms, found 0 plugins.
Preloading 0 native plugins for Editor in 0.00 ms.
Invoked RoslynAnalysisRunner static constructor.
RoslynAnalysisRunner will not be running.
RoslynAnalysisRunner has terminated.
Mono: successfully reloaded assembly
- Completed reload, in  0.912 seconds
Platform modules already initialized, skipping
Registering precompiled user dll's ...
Registered in 0.000630 seconds.
Begin MonoManager ReloadAssembly
Native extension for WindowsStandalone target not found
Native extension for WebGL target not found
Refreshing native plugins compatible for Editor in 0.28 ms, found 0 plugins.
Preloading 0 native plugins for Editor in 0.00 ms.
Invoked RoslynAnalysisRunner static constructor.
RoslynAnalysisRunner will not be running.
RoslynAnalysisRunner has terminated.
Mono: successfully reloaded assembly
- Completed reload, in  0.787 seconds
Platform modules already initialized, skipping
========================================================================
Worker process is ready to serve import requests
Shader 'FairyGUI/TextMeshPro/Distance Field': fallback shader 'TextMeshPro/Mobile/Distance Field' not found
Launched and connected shader compiler UnityShaderCompiler.exe after 0.04 seconds
Refreshing native plugins compatible for Editor in 0.24 ms, found 0 plugins.
Preloading 0 native plugins for Editor in 0.00 ms.
Unloading 1349 Unused Serialized files (Serialized files now loaded: 0)
System memory in use before: 65.6 MB.
System memory in use after: 65.7 MB.

Unloading 10 unused Assets to reduce memory usage. Loaded Objects now: 1793.
Total: 1.805600 ms (FindLiveObjects: 0.220200 ms CreateObjectMapping: 0.270300 ms MarkObjects: 1.240400 ms  DeleteObjects: 0.073500 ms)

========================================================================
Received Import Request.
  path: Assets/Scenes/Main.unity
  artifactKey: Guid(aa4b5b4079d122f42acc577725c4c958) Importer(815301076,1909f56bfc062723c751e8b465ee728b)
Start importing Assets/Scenes/Main.unity using Guid(aa4b5b4079d122f42acc577725c4c958) Importer(815301076,1909f56bfc062723c751e8b465ee728b)  -> (artifact id: '4cae9a6b8176513c69ec580b122b7dae') in 0.010071 seconds
  Import took 0.012098 seconds .

========================================================================
Received Prepare
Registering precompiled user dll's ...
Registered in 0.000602 seconds.
Begin MonoManager ReloadAssembly
Native extension for WindowsStandalone target not found
Native extension for WebGL target not found
Refreshing native plugins compatible for Editor in 0.25 ms, found 0 plugins.
Preloading 0 native plugins for Editor in 0.00 ms.
Invoked RoslynAnalysisRunner static constructor.
RoslynAnalysisRunner will not be running.
RoslynAnalysisRunner has terminated.
Mono: successfully reloaded assembly
- Completed reload, in  0.746 seconds
Platform modules already initialized, skipping
Shader 'FairyGUI/TextMeshPro/Distance Field': fallback shader 'TextMeshPro/Mobile/Distance Field' not found
Refreshing native plugins compatible for Editor in 0.24 ms, found 0 plugins.
Preloading 0 native plugins for Editor in 0.00 ms.
Unloading 1336 Unused Serialized files (Serialized files now loaded: 0)
System memory in use before: 64.9 MB.
System memory in use after: 65.0 MB.

Unloading 5 unused Assets to reduce memory usage. Loaded Objects now: 1796.
Total: 1.382000 ms (FindLiveObjects: 0.130700 ms CreateObjectMapping: 0.038800 ms MarkObjects: 1.197800 ms  DeleteObjects: 0.013400 ms)

========================================================================
Received Prepare
Registering precompiled user dll's ...
Registered in 0.000585 seconds.
Begin MonoManager ReloadAssembly
Native extension for WindowsStandalone target not found
Native extension for WebGL target not found
Refreshing native plugins compatible for Editor in 0.24 ms, found 0 plugins.
Preloading 0 native plugins for Editor in 0.00 ms.
Invoked RoslynAnalysisRunner static constructor.
RoslynAnalysisRunner will not be running.
RoslynAnalysisRunner has terminated.
Mono: successfully reloaded assembly
- Completed reload, in  0.689 seconds
Platform modules already initialized, skipping
Shader 'FairyGUI/TextMeshPro/Distance Field': fallback shader 'TextMeshPro/Mobile/Distance Field' not found
Refreshing native plugins compatible for Editor in 0.27 ms, found 0 plugins.
Preloading 0 native plugins for Editor in 0.00 ms.
Unloading 1336 Unused Serialized files (Serialized files now loaded: 0)
System memory in use before: 65.0 MB.
System memory in use after: 65.1 MB.

Unloading 5 unused Assets to reduce memory usage. Loaded Objects now: 1799.
Total: 2.794300 ms (FindLiveObjects: 0.585500 ms CreateObjectMapping: 0.096100 ms MarkObjects: 2.091300 ms  DeleteObjects: 0.019300 ms)

========================================================================
Received Prepare
Registering precompiled user dll's ...
Registered in 0.000923 seconds.
Begin MonoManager ReloadAssembly
Native extension for WindowsStandalone target not found
Native extension for WebGL target not found
Refreshing native plugins compatible for Editor in 0.25 ms, found 0 plugins.
Preloading 0 native plugins for Editor in 0.00 ms.
Invoked RoslynAnalysisRunner static constructor.
RoslynAnalysisRunner will not be running.
RoslynAnalysisRunner has terminated.
Mono: successfully reloaded assembly
- Completed reload, in  0.833 seconds
Platform modules already initialized, skipping
Shader 'FairyGUI/TextMeshPro/Distance Field': fallback shader 'TextMeshPro/Mobile/Distance Field' not found
Refreshing native plugins compatible for Editor in 0.27 ms, found 0 plugins.
Preloading 0 native plugins for Editor in 0.00 ms.
Unloading 1336 Unused Serialized files (Serialized files now loaded: 0)
System memory in use before: 65.0 MB.
System memory in use after: 65.1 MB.

Unloading 5 unused Assets to reduce memory usage. Loaded Objects now: 1802.
Total: 2.072200 ms (FindLiveObjects: 0.403000 ms CreateObjectMapping: 0.107900 ms MarkObjects: 1.542700 ms  DeleteObjects: 0.017500 ms)

========================================================================
Received Import Request.
  Time since last request: 1629.937278 seconds.
  path: Assets/Examples
  artifactKey: Guid(207d65ea651ffe1499903fa83d0592ae) Importer(815301076,1909f56bfc062723c751e8b465ee728b)
Start importing Assets/Examples using Guid(207d65ea651ffe1499903fa83d0592ae) Importer(815301076,1909f56bfc062723c751e8b465ee728b)  -> (artifact id: '8dfac5c6b66be36889a71e56e76bc536') in 0.005837 seconds
  Import took 0.008703 seconds .

========================================================================
Received Import Request.
  Time since last request: 6.936955 seconds.
  path: Assets/Examples/Resources
  artifactKey: Guid(a6306816ce395d24e8f55bb53c62993d) Importer(815301076,1909f56bfc062723c751e8b465ee728b)
Start importing Assets/Examples/Resources using Guid(a6306816ce395d24e8f55bb53c62993d) Importer(815301076,1909f56bfc062723c751e8b465ee728b)  -> (artifact id: 'b81657de4e1010c181e29e0f6fd7861d') in 0.003242 seconds
  Import took 0.005568 seconds .

========================================================================
Received Import Request.
  Time since last request: 43.107163 seconds.
  path: Assets/Examples/Resources/UI/Basics_gojg7u.wav
  artifactKey: Guid(08f13f11cfa05424ab98be1a9f124aec) Importer(815301076,1909f56bfc062723c751e8b465ee728b)
Start importing Assets/Examples/Resources/UI/Basics_gojg7u.wav using Guid(08f13f11cfa05424ab98be1a9f124aec) Importer(815301076,1909f56bfc062723c751e8b465ee728b)  -> (artifact id: '3f4579f8988b000dd1b9bd1386b078bd') in 0.093375 seconds
  Import took 0.096575 seconds .

========================================================================
Received Import Request.
  Time since last request: 7.329620 seconds.
  path: Assets/Examples/Resources/UI/Basics_fui.bytes
  artifactKey: Guid(3aeead32e4f391a4faea2a8bdf089cfa) Importer(815301076,1909f56bfc062723c751e8b465ee728b)
Start importing Assets/Examples/Resources/UI/Basics_fui.bytes using Guid(3aeead32e4f391a4faea2a8bdf089cfa) Importer(815301076,1909f56bfc062723c751e8b465ee728b)  -> (artifact id: '4ce7a8975e8566835503203996733c8b') in 0.005072 seconds
  Import took 0.007156 seconds .

========================================================================
Received Import Request.
  Time since last request: 0.000498 seconds.
  path: Assets/Examples/Resources/UI/Basics_fui.bytes
  artifactKey: Guid(3aeead32e4f391a4faea2a8bdf089cfa) Importer(815301076,1909f56bfc062723c751e8b465ee728b)
Start importing Assets/Examples/Resources/UI/Basics_fui.bytes using Guid(3aeead32e4f391a4faea2a8bdf089cfa) Importer(815301076,1909f56bfc062723c751e8b465ee728b)  -> (artifact id: '4ce7a8975e8566835503203996733c8b') in 0.005388 seconds
  Import took 0.008086 seconds .

========================================================================
Received Import Request.
  Time since last request: 0.904033 seconds.
  path: Assets/Examples/Resources/UI/Basics_o4lt7w.wav
  artifactKey: Guid(6b6366e99fd5cb243bb47138c2694e7f) Importer(815301076,1909f56bfc062723c751e8b465ee728b)
Start importing Assets/Examples/Resources/UI/Basics_o4lt7w.wav using Guid(6b6366e99fd5cb243bb47138c2694e7f) Importer(815301076,1909f56bfc062723c751e8b465ee728b)  -> (artifact id: '108b49b296115a5e24bd55675922bd03') in 0.008779 seconds
  Import took 0.010904 seconds .

========================================================================
Received Import Request.
  Time since last request: 2.645481 seconds.
  path: Assets/Examples/Resources/UI/Basics_atlas0.png
  artifactKey: Guid(5450c5b9c2dc13b4aba6f4e53b5ee168) Importer(815301076,1909f56bfc062723c751e8b465ee728b)
Start importing Assets/Examples/Resources/UI/Basics_atlas0.png using Guid(5450c5b9c2dc13b4aba6f4e53b5ee168) Importer(815301076,1909f56bfc062723c751e8b465ee728b)  -> (artifact id: '2d0e864c5284e216286c55e657ef0829') in 0.031824 seconds
  Import took 0.033944 seconds .

========================================================================
Received Import Request.
  Time since last request: 0.014515 seconds.
  path: Assets/Examples/Resources/UI/Basics_atlas0.png
  artifactKey: Guid(5450c5b9c2dc13b4aba6f4e53b5ee168) Importer(815301076,1909f56bfc062723c751e8b465ee728b)
Start importing Assets/Examples/Resources/UI/Basics_atlas0.png using Guid(5450c5b9c2dc13b4aba6f4e53b5ee168) Importer(815301076,1909f56bfc062723c751e8b465ee728b)  -> (artifact id: '2d0e864c5284e216286c55e657ef0829') in 0.009475 seconds
  Import took 0.011868 seconds .

========================================================================
Received Import Request.
  Time since last request: 399.579378 seconds.
  path: Assets/Examples/Resources/UI/Bag_atlas0.png
  artifactKey: Guid(b3c9611d3675c7e47b3d5003c5608d6e) Importer(815301076,1909f56bfc062723c751e8b465ee728b)
Start importing Assets/Examples/Resources/UI/Bag_atlas0.png using Guid(b3c9611d3675c7e47b3d5003c5608d6e) Importer(815301076,1909f56bfc062723c751e8b465ee728b)  -> (artifact id: 'ca4913b2b8bbd8e996eaff0407a0598f') in 0.021320 seconds
  Import took 0.023827 seconds .

========================================================================
Received Import Request.
  Time since last request: 0.001180 seconds.
  path: Assets/Examples/Resources/UI/Bag_atlas0.png
  artifactKey: Guid(b3c9611d3675c7e47b3d5003c5608d6e) Importer(815301076,1909f56bfc062723c751e8b465ee728b)
Start importing Assets/Examples/Resources/UI/Bag_atlas0.png using Guid(b3c9611d3675c7e47b3d5003c5608d6e) Importer(815301076,1909f56bfc062723c751e8b465ee728b)  -> (artifact id: 'ca4913b2b8bbd8e996eaff0407a0598f') in 0.013675 seconds
  Import took 0.015808 seconds .

========================================================================
Received Prepare
Registering precompiled user dll's ...
Registered in 0.000607 seconds.
Begin MonoManager ReloadAssembly
Native extension for WindowsStandalone target not found
Native extension for WebGL target not found
Refreshing native plugins compatible for Editor in 0.24 ms, found 0 plugins.
Preloading 0 native plugins for Editor in 0.00 ms.
Invoked RoslynAnalysisRunner static constructor.
RoslynAnalysisRunner will not be running.
RoslynAnalysisRunner has terminated.
Mono: successfully reloaded assembly
- Completed reload, in  0.723 seconds
Platform modules already initialized, skipping
Shader 'FairyGUI/TextMeshPro/Distance Field': fallback shader 'TextMeshPro/Mobile/Distance Field' not found
Refreshing native plugins compatible for Editor in 0.28 ms, found 0 plugins.
Preloading 0 native plugins for Editor in 0.00 ms.
Unloading 1336 Unused Serialized files (Serialized files now loaded: 0)
System memory in use before: 68.2 MB.
System memory in use after: 68.3 MB.

Unloading 5 unused Assets to reduce memory usage. Loaded Objects now: 1816.
Total: 1.541200 ms (FindLiveObjects: 0.143200 ms CreateObjectMapping: 0.039200 ms MarkObjects: 1.328300 ms  DeleteObjects: 0.029100 ms)

========================================================================
Received Prepare
Registering precompiled user dll's ...
Registered in 0.000589 seconds.
Begin MonoManager ReloadAssembly
Native extension for WindowsStandalone target not found
Native extension for WebGL target not found
Refreshing native plugins compatible for Editor in 0.28 ms, found 0 plugins.
Preloading 0 native plugins for Editor in 0.00 ms.
Invoked RoslynAnalysisRunner static constructor.
RoslynAnalysisRunner will not be running.
RoslynAnalysisRunner has terminated.
Mono: successfully reloaded assembly
- Completed reload, in  0.729 seconds
Platform modules already initialized, skipping
Shader 'FairyGUI/TextMeshPro/Distance Field': fallback shader 'TextMeshPro/Mobile/Distance Field' not found
Refreshing native plugins compatible for Editor in 0.25 ms, found 0 plugins.
Preloading 0 native plugins for Editor in 0.00 ms.
Unloading 1336 Unused Serialized files (Serialized files now loaded: 0)
System memory in use before: 68.2 MB.
System memory in use after: 68.3 MB.

Unloading 5 unused Assets to reduce memory usage. Loaded Objects now: 1819.
Total: 1.464000 ms (FindLiveObjects: 0.155800 ms CreateObjectMapping: 0.050100 ms MarkObjects: 1.240300 ms  DeleteObjects: 0.015600 ms)

========================================================================
Received Import Request.
  Time since last request: 3761.698740 seconds.
  path: Assets/RPG Tiny Hero Duo/Mesh/Stage.fbx
  artifactKey: Guid(0f138a164e7f81a4a9e93cf85a9020e9) Importer(815301076,1909f56bfc062723c751e8b465ee728b)
Start importing Assets/RPG Tiny Hero Duo/Mesh/Stage.fbx using Guid(0f138a164e7f81a4a9e93cf85a9020e9) Importer(815301076,1909f56bfc062723c751e8b465ee728b)  -> (artifact id: '9eacf16963ca9de3ad9ec4854dabf77e') in 0.090927 seconds
  Import took 0.093404 seconds .

========================================================================
Received Prepare
Registering precompiled user dll's ...
Registered in 0.000701 seconds.
Begin MonoManager ReloadAssembly
Native extension for WindowsStandalone target not found
Native extension for WebGL target not found
Refreshing native plugins compatible for Editor in 0.24 ms, found 0 plugins.
Preloading 0 native plugins for Editor in 0.00 ms.
Invoked RoslynAnalysisRunner static constructor.
RoslynAnalysisRunner will not be running.
RoslynAnalysisRunner has terminated.
Mono: successfully reloaded assembly
- Completed reload, in  0.698 seconds
Platform modules already initialized, skipping
Shader 'FairyGUI/TextMeshPro/Distance Field': fallback shader 'TextMeshPro/Mobile/Distance Field' not found
Refreshing native plugins compatible for Editor in 0.25 ms, found 0 plugins.
Preloading 0 native plugins for Editor in 0.00 ms.
Unloading 1336 Unused Serialized files (Serialized files now loaded: 0)
System memory in use before: 68.5 MB.
System memory in use after: 68.6 MB.

Unloading 6 unused Assets to reduce memory usage. Loaded Objects now: 1826.
Total: 1.566800 ms (FindLiveObjects: 0.139500 ms CreateObjectMapping: 0.041100 ms MarkObjects: 1.365700 ms  DeleteObjects: 0.019300 ms)

========================================================================
Received Prepare
Registering precompiled user dll's ...
Registered in 0.001052 seconds.
Begin MonoManager ReloadAssembly
Native extension for WindowsStandalone target not found
Native extension for WebGL target not found
Refreshing native plugins compatible for Editor in 0.25 ms, found 0 plugins.
Preloading 0 native plugins for Editor in 0.00 ms.
Invoked RoslynAnalysisRunner static constructor.
RoslynAnalysisRunner will not be running.
RoslynAnalysisRunner has terminated.
Mono: successfully reloaded assembly
- Completed reload, in  0.684 seconds
Platform modules already initialized, skipping
Shader 'FairyGUI/TextMeshPro/Distance Field': fallback shader 'TextMeshPro/Mobile/Distance Field' not found
Refreshing native plugins compatible for Editor in 0.25 ms, found 0 plugins.
Preloading 0 native plugins for Editor in 0.00 ms.
Unloading 1336 Unused Serialized files (Serialized files now loaded: 0)
System memory in use before: 68.5 MB.
System memory in use after: 68.6 MB.

Unloading 5 unused Assets to reduce memory usage. Loaded Objects now: 1829.
Total: 3.388400 ms (FindLiveObjects: 0.911400 ms CreateObjectMapping: 0.664200 ms MarkObjects: 1.796600 ms  DeleteObjects: 0.015100 ms)

========================================================================
Received Prepare
Registering precompiled user dll's ...
Registered in 0.000595 seconds.
Begin MonoManager ReloadAssembly
Native extension for WindowsStandalone target not found
Native extension for WebGL target not found
Refreshing native plugins compatible for Editor in 0.24 ms, found 0 plugins.
Preloading 0 native plugins for Editor in 0.00 ms.
Invoked RoslynAnalysisRunner static constructor.
RoslynAnalysisRunner will not be running.
RoslynAnalysisRunner has terminated.
Mono: successfully reloaded assembly
- Completed reload, in  0.692 seconds
Platform modules already initialized, skipping
Shader 'FairyGUI/TextMeshPro/Distance Field': fallback shader 'TextMeshPro/Mobile/Distance Field' not found
Refreshing native plugins compatible for Editor in 0.25 ms, found 0 plugins.
Preloading 0 native plugins for Editor in 0.00 ms.
Unloading 1336 Unused Serialized files (Serialized files now loaded: 0)
System memory in use before: 68.5 MB.
System memory in use after: 68.6 MB.

Unloading 5 unused Assets to reduce memory usage. Loaded Objects now: 1832.
Total: 1.437600 ms (FindLiveObjects: 0.144900 ms CreateObjectMapping: 0.042800 ms MarkObjects: 1.236000 ms  DeleteObjects: 0.013000 ms)

========================================================================
Received Prepare
Registering precompiled user dll's ...
Registered in 0.000582 seconds.
Begin MonoManager ReloadAssembly
Native extension for WindowsStandalone target not found
Native extension for WebGL target not found
Refreshing native plugins compatible for Editor in 0.25 ms, found 0 plugins.
Preloading 0 native plugins for Editor in 0.00 ms.
Invoked RoslynAnalysisRunner static constructor.
RoslynAnalysisRunner will not be running.
RoslynAnalysisRunner has terminated.
Mono: successfully reloaded assembly
- Completed reload, in  0.674 seconds
Platform modules already initialized, skipping
Shader 'FairyGUI/TextMeshPro/Distance Field': fallback shader 'TextMeshPro/Mobile/Distance Field' not found
Refreshing native plugins compatible for Editor in 0.25 ms, found 0 plugins.
Preloading 0 native plugins for Editor in 0.00 ms.
Unloading 1336 Unused Serialized files (Serialized files now loaded: 0)
System memory in use before: 68.5 MB.
System memory in use after: 68.6 MB.

Unloading 5 unused Assets to reduce memory usage. Loaded Objects now: 1835.
Total: 1.753100 ms (FindLiveObjects: 0.183300 ms CreateObjectMapping: 0.053200 ms MarkObjects: 1.502300 ms  DeleteObjects: 0.013500 ms)

========================================================================
Received Prepare
Registering precompiled user dll's ...
Registered in 0.000691 seconds.
Begin MonoManager ReloadAssembly
Native extension for WindowsStandalone target not found
Native extension for WebGL target not found
Refreshing native plugins compatible for Editor in 0.39 ms, found 0 plugins.
Preloading 0 native plugins for Editor in 0.00 ms.
Invoked RoslynAnalysisRunner static constructor.
RoslynAnalysisRunner will not be running.
RoslynAnalysisRunner has terminated.
Mono: successfully reloaded assembly
- Completed reload, in  0.788 seconds
Platform modules already initialized, skipping
Shader 'FairyGUI/TextMeshPro/Distance Field': fallback shader 'TextMeshPro/Mobile/Distance Field' not found
Refreshing native plugins compatible for Editor in 0.25 ms, found 0 plugins.
Preloading 0 native plugins for Editor in 0.00 ms.
Unloading 1336 Unused Serialized files (Serialized files now loaded: 0)
System memory in use before: 68.5 MB.
System memory in use after: 68.6 MB.

Unloading 5 unused Assets to reduce memory usage. Loaded Objects now: 1838.
Total: 1.914500 ms (FindLiveObjects: 0.164500 ms CreateObjectMapping: 0.095900 ms MarkObjects: 1.636300 ms  DeleteObjects: 0.016100 ms)

========================================================================
Received Prepare
Registering precompiled user dll's ...
Registered in 0.000583 seconds.
Begin MonoManager ReloadAssembly
Native extension for WindowsStandalone target not found
Native extension for WebGL target not found
Refreshing native plugins compatible for Editor in 0.34 ms, found 0 plugins.
Preloading 0 native plugins for Editor in 0.00 ms.
Invoked RoslynAnalysisRunner static constructor.
RoslynAnalysisRunner will not be running.
RoslynAnalysisRunner has terminated.
Mono: successfully reloaded assembly
- Completed reload, in  0.734 seconds
Platform modules already initialized, skipping
Shader 'FairyGUI/TextMeshPro/Distance Field': fallback shader 'TextMeshPro/Mobile/Distance Field' not found
Refreshing native plugins compatible for Editor in 0.25 ms, found 0 plugins.
Preloading 0 native plugins for Editor in 0.00 ms.
Unloading 1336 Unused Serialized files (Serialized files now loaded: 0)
System memory in use before: 68.5 MB.
System memory in use after: 68.6 MB.

Unloading 5 unused Assets to reduce memory usage. Loaded Objects now: 1841.
Total: 1.554300 ms (FindLiveObjects: 0.147600 ms CreateObjectMapping: 0.045100 ms MarkObjects: 1.346200 ms  DeleteObjects: 0.014200 ms)

========================================================================
Received Import Request.
  Time since last request: 769.803706 seconds.
  path: Assets/Scripts/UI/TestUI.cs
  artifactKey: Guid(c4aa3e60c89a8ab41b2400790d44b2a2) Importer(815301076,1909f56bfc062723c751e8b465ee728b)
Start importing Assets/Scripts/UI/TestUI.cs using Guid(c4aa3e60c89a8ab41b2400790d44b2a2) Importer(815301076,1909f56bfc062723c751e8b465ee728b)  -> (artifact id: '7417022fd0771d6ee582f68396a22812') in 0.014832 seconds
  Import took 0.017144 seconds .

========================================================================
Received Prepare
Registering precompiled user dll's ...
Registered in 0.000602 seconds.
Begin MonoManager ReloadAssembly
Native extension for WindowsStandalone target not found
Native extension for WebGL target not found
Refreshing native plugins compatible for Editor in 0.25 ms, found 0 plugins.
Preloading 0 native plugins for Editor in 0.00 ms.
Invoked RoslynAnalysisRunner static constructor.
RoslynAnalysisRunner will not be running.
RoslynAnalysisRunner has terminated.
Mono: successfully reloaded assembly
- Completed reload, in  0.981 seconds
Platform modules already initialized, skipping
Shader 'FairyGUI/TextMeshPro/Distance Field': fallback shader 'TextMeshPro/Mobile/Distance Field' not found
Refreshing native plugins compatible for Editor in 0.25 ms, found 0 plugins.
Preloading 0 native plugins for Editor in 0.00 ms.
Unloading 1337 Unused Serialized files (Serialized files now loaded: 0)
System memory in use before: 68.5 MB.
System memory in use after: 68.6 MB.

Unloading 5 unused Assets to reduce memory usage. Loaded Objects now: 1845.
Total: 1.540600 ms (FindLiveObjects: 0.164400 ms CreateObjectMapping: 0.095000 ms MarkObjects: 1.264800 ms  DeleteObjects: 0.015300 ms)

========================================================================
Received Prepare
Registering precompiled user dll's ...
Registered in 0.000628 seconds.
Begin MonoManager ReloadAssembly
Native extension for WindowsStandalone target not found
Native extension for WebGL target not found
Refreshing native plugins compatible for Editor in 0.27 ms, found 0 plugins.
Preloading 0 native plugins for Editor in 0.00 ms.
Invoked RoslynAnalysisRunner static constructor.
RoslynAnalysisRunner will not be running.
RoslynAnalysisRunner has terminated.
Mono: successfully reloaded assembly
- Completed reload, in  0.699 seconds
Platform modules already initialized, skipping
Shader 'FairyGUI/TextMeshPro/Distance Field': fallback shader 'TextMeshPro/Mobile/Distance Field' not found
Refreshing native plugins compatible for Editor in 0.31 ms, found 0 plugins.
Preloading 0 native plugins for Editor in 0.00 ms.
Unloading 1337 Unused Serialized files (Serialized files now loaded: 0)
System memory in use before: 68.5 MB.
System memory in use after: 68.6 MB.

Unloading 5 unused Assets to reduce memory usage. Loaded Objects now: 1848.
Total: 4.753600 ms (FindLiveObjects: 0.169200 ms CreateObjectMapping: 0.051700 ms MarkObjects: 4.518500 ms  DeleteObjects: 0.012600 ms)

========================================================================
Received Prepare
Registering precompiled user dll's ...
Registered in 0.000589 seconds.
Begin MonoManager ReloadAssembly
Native extension for WindowsStandalone target not found
Native extension for WebGL target not found
Refreshing native plugins compatible for Editor in 0.25 ms, found 0 plugins.
Preloading 0 native plugins for Editor in 0.00 ms.
Invoked RoslynAnalysisRunner static constructor.
RoslynAnalysisRunner will not be running.
RoslynAnalysisRunner has terminated.
Mono: successfully reloaded assembly
- Completed reload, in  0.682 seconds
Platform modules already initialized, skipping
Shader 'FairyGUI/TextMeshPro/Distance Field': fallback shader 'TextMeshPro/Mobile/Distance Field' not found
Refreshing native plugins compatible for Editor in 0.25 ms, found 0 plugins.
Preloading 0 native plugins for Editor in 0.00 ms.
Unloading 1337 Unused Serialized files (Serialized files now loaded: 0)
System memory in use before: 68.5 MB.
System memory in use after: 68.6 MB.

Unloading 5 unused Assets to reduce memory usage. Loaded Objects now: 1851.
Total: 1.523400 ms (FindLiveObjects: 0.153300 ms CreateObjectMapping: 0.043400 ms MarkObjects: 1.311400 ms  DeleteObjects: 0.014000 ms)

AssetImportWorkerClient::OnTransportError - code=2 error=End of file
